{"/Users/scott/repos/sqiggl-js/test.js":{"path":"/Users/scott/repos/sqiggl-js/test.js","s":{"1":1,"2":1,"3":1,"4":1,"5":1,"6":1,"7":1,"8":1,"9":1,"10":1},"b":{},"f":{},"fnMap":{},"statementMap":{"1":{"start":{"line":2,"column":0},"end":{"line":2,"column":35}},"2":{"start":{"line":4,"column":0},"end":{"line":4,"column":33}},"3":{"start":{"line":6,"column":0},"end":{"line":6,"column":31}},"4":{"start":{"line":8,"column":0},"end":{"line":8,"column":47}},"5":{"start":{"line":9,"column":0},"end":{"line":9,"column":29}},"6":{"start":{"line":11,"column":0},"end":{"line":11,"column":49}},"7":{"start":{"line":12,"column":0},"end":{"line":12,"column":46}},"8":{"start":{"line":13,"column":0},"end":{"line":13,"column":50}},"9":{"start":{"line":14,"column":0},"end":{"line":14,"column":30}},"10":{"start":{"line":16,"column":0},"end":{"line":16,"column":28}}},"branchMap":{}},"/Users/scott/repos/sqiggl-js/src/expressions.specs.js":{"path":"/Users/scott/repos/sqiggl-js/src/expressions.specs.js","s":{"1":1,"2":1,"3":1,"4":1,"5":1,"6":1,"7":1,"8":1,"9":1,"10":1,"11":1,"12":1,"13":1,"14":1,"15":1,"16":1,"17":1,"18":1,"19":1,"20":1,"21":1,"22":1,"23":1,"24":1,"25":1,"26":1,"27":1,"28":1,"29":1,"30":1,"31":1,"32":1,"33":1,"34":1,"35":1,"36":1,"37":1,"38":1,"39":1,"40":1,"41":1,"42":1,"43":1,"44":1,"45":1,"46":1,"47":1,"48":1,"49":1,"50":1,"51":1,"52":1,"53":1,"54":1,"55":1,"56":1,"57":1,"58":1,"59":1,"60":1,"61":1,"62":1,"63":1,"64":1,"65":1,"66":1,"67":1,"68":1,"69":1,"70":1,"71":1,"72":1,"73":1,"74":1,"75":1,"76":1,"77":1,"78":1},"b":{},"f":{"1":1,"2":1,"3":1,"4":1,"5":1,"6":1,"7":1,"8":1,"9":1,"10":1,"11":1,"12":1,"13":1,"14":1,"15":1,"16":1,"17":1,"18":1,"19":1,"20":1,"21":1,"22":1,"23":1,"24":1,"25":1,"26":1,"27":1,"28":1,"29":1,"30":1,"31":1,"32":1,"33":1},"fnMap":{"1":{"name":"(anonymous_1)","line":2,"loc":{"start":{"line":2,"column":24},"end":{"line":2,"column":36}}},"2":{"name":"(anonymous_2)","line":3,"loc":{"start":{"line":3,"column":22},"end":{"line":3,"column":34}}},"3":{"name":"(anonymous_3)","line":4,"loc":{"start":{"line":4,"column":55},"end":{"line":4,"column":67}}},"4":{"name":"(anonymous_4)","line":8,"loc":{"start":{"line":8,"column":57},"end":{"line":8,"column":69}}},"5":{"name":"(anonymous_5)","line":13,"loc":{"start":{"line":13,"column":28},"end":{"line":13,"column":40}}},"6":{"name":"(anonymous_6)","line":14,"loc":{"start":{"line":14,"column":55},"end":{"line":14,"column":67}}},"7":{"name":"(anonymous_7)","line":18,"loc":{"start":{"line":18,"column":57},"end":{"line":18,"column":69}}},"8":{"name":"(anonymous_8)","line":23,"loc":{"start":{"line":23,"column":25},"end":{"line":23,"column":37}}},"9":{"name":"(anonymous_9)","line":24,"loc":{"start":{"line":24,"column":55},"end":{"line":24,"column":67}}},"10":{"name":"(anonymous_10)","line":28,"loc":{"start":{"line":28,"column":57},"end":{"line":28,"column":69}}},"11":{"name":"(anonymous_11)","line":33,"loc":{"start":{"line":33,"column":23},"end":{"line":33,"column":35}}},"12":{"name":"(anonymous_12)","line":34,"loc":{"start":{"line":34,"column":55},"end":{"line":34,"column":67}}},"13":{"name":"(anonymous_13)","line":38,"loc":{"start":{"line":38,"column":57},"end":{"line":38,"column":69}}},"14":{"name":"(anonymous_14)","line":43,"loc":{"start":{"line":43,"column":35},"end":{"line":43,"column":47}}},"15":{"name":"(anonymous_15)","line":44,"loc":{"start":{"line":44,"column":55},"end":{"line":44,"column":67}}},"16":{"name":"(anonymous_16)","line":48,"loc":{"start":{"line":48,"column":57},"end":{"line":48,"column":69}}},"17":{"name":"(anonymous_17)","line":53,"loc":{"start":{"line":53,"column":32},"end":{"line":53,"column":44}}},"18":{"name":"(anonymous_18)","line":54,"loc":{"start":{"line":54,"column":55},"end":{"line":54,"column":67}}},"19":{"name":"(anonymous_19)","line":58,"loc":{"start":{"line":58,"column":57},"end":{"line":58,"column":69}}},"20":{"name":"(anonymous_20)","line":63,"loc":{"start":{"line":63,"column":34},"end":{"line":63,"column":46}}},"21":{"name":"(anonymous_21)","line":64,"loc":{"start":{"line":64,"column":55},"end":{"line":64,"column":67}}},"22":{"name":"(anonymous_22)","line":68,"loc":{"start":{"line":68,"column":57},"end":{"line":68,"column":69}}},"23":{"name":"(anonymous_23)","line":73,"loc":{"start":{"line":73,"column":31},"end":{"line":73,"column":43}}},"24":{"name":"(anonymous_24)","line":74,"loc":{"start":{"line":74,"column":55},"end":{"line":74,"column":67}}},"25":{"name":"(anonymous_25)","line":78,"loc":{"start":{"line":78,"column":57},"end":{"line":78,"column":69}}},"26":{"name":"(anonymous_26)","line":83,"loc":{"start":{"line":83,"column":22},"end":{"line":83,"column":34}}},"27":{"name":"(anonymous_27)","line":84,"loc":{"start":{"line":84,"column":55},"end":{"line":84,"column":67}}},"28":{"name":"(anonymous_28)","line":88,"loc":{"start":{"line":88,"column":57},"end":{"line":88,"column":69}}},"29":{"name":"(anonymous_29)","line":93,"loc":{"start":{"line":93,"column":24},"end":{"line":93,"column":36}}},"30":{"name":"(anonymous_30)","line":94,"loc":{"start":{"line":94,"column":55},"end":{"line":94,"column":67}}},"31":{"name":"(anonymous_31)","line":98,"loc":{"start":{"line":98,"column":57},"end":{"line":98,"column":69}}},"32":{"name":"(anonymous_32)","line":103,"loc":{"start":{"line":103,"column":27},"end":{"line":103,"column":39}}},"33":{"name":"(anonymous_33)","line":104,"loc":{"start":{"line":104,"column":47},"end":{"line":104,"column":59}}}},"statementMap":{"1":{"start":{"line":1,"column":0},"end":{"line":1,"column":45}},"2":{"start":{"line":2,"column":0},"end":{"line":111,"column":3}},"3":{"start":{"line":3,"column":4},"end":{"line":12,"column":7}},"4":{"start":{"line":4,"column":8},"end":{"line":7,"column":11}},"5":{"start":{"line":5,"column":12},"end":{"line":5,"column":64}},"6":{"start":{"line":6,"column":12},"end":{"line":6,"column":38}},"7":{"start":{"line":8,"column":8},"end":{"line":11,"column":11}},"8":{"start":{"line":9,"column":12},"end":{"line":9,"column":64}},"9":{"start":{"line":10,"column":12},"end":{"line":10,"column":39}},"10":{"start":{"line":13,"column":4},"end":{"line":22,"column":7}},"11":{"start":{"line":14,"column":8},"end":{"line":17,"column":11}},"12":{"start":{"line":15,"column":12},"end":{"line":15,"column":70}},"13":{"start":{"line":16,"column":12},"end":{"line":16,"column":38}},"14":{"start":{"line":18,"column":8},"end":{"line":21,"column":11}},"15":{"start":{"line":19,"column":12},"end":{"line":19,"column":70}},"16":{"start":{"line":20,"column":12},"end":{"line":20,"column":39}},"17":{"start":{"line":23,"column":4},"end":{"line":32,"column":7}},"18":{"start":{"line":24,"column":8},"end":{"line":27,"column":11}},"19":{"start":{"line":25,"column":12},"end":{"line":25,"column":67}},"20":{"start":{"line":26,"column":12},"end":{"line":26,"column":38}},"21":{"start":{"line":28,"column":8},"end":{"line":31,"column":11}},"22":{"start":{"line":29,"column":12},"end":{"line":29,"column":67}},"23":{"start":{"line":30,"column":12},"end":{"line":30,"column":39}},"24":{"start":{"line":33,"column":4},"end":{"line":42,"column":7}},"25":{"start":{"line":34,"column":8},"end":{"line":37,"column":11}},"26":{"start":{"line":35,"column":12},"end":{"line":35,"column":55}},"27":{"start":{"line":36,"column":12},"end":{"line":36,"column":38}},"28":{"start":{"line":38,"column":8},"end":{"line":41,"column":11}},"29":{"start":{"line":39,"column":12},"end":{"line":39,"column":62}},"30":{"start":{"line":40,"column":12},"end":{"line":40,"column":39}},"31":{"start":{"line":43,"column":4},"end":{"line":52,"column":7}},"32":{"start":{"line":44,"column":8},"end":{"line":47,"column":11}},"33":{"start":{"line":45,"column":12},"end":{"line":45,"column":83}},"34":{"start":{"line":46,"column":12},"end":{"line":46,"column":38}},"35":{"start":{"line":48,"column":8},"end":{"line":51,"column":11}},"36":{"start":{"line":49,"column":12},"end":{"line":49,"column":83}},"37":{"start":{"line":50,"column":12},"end":{"line":50,"column":39}},"38":{"start":{"line":53,"column":4},"end":{"line":62,"column":7}},"39":{"start":{"line":54,"column":8},"end":{"line":57,"column":11}},"40":{"start":{"line":55,"column":12},"end":{"line":55,"column":80}},"41":{"start":{"line":56,"column":12},"end":{"line":56,"column":38}},"42":{"start":{"line":58,"column":8},"end":{"line":61,"column":11}},"43":{"start":{"line":59,"column":12},"end":{"line":59,"column":80}},"44":{"start":{"line":60,"column":12},"end":{"line":60,"column":39}},"45":{"start":{"line":63,"column":4},"end":{"line":72,"column":7}},"46":{"start":{"line":64,"column":8},"end":{"line":67,"column":11}},"47":{"start":{"line":65,"column":12},"end":{"line":65,"column":77}},"48":{"start":{"line":66,"column":12},"end":{"line":66,"column":38}},"49":{"start":{"line":68,"column":8},"end":{"line":71,"column":11}},"50":{"start":{"line":69,"column":12},"end":{"line":69,"column":74}},"51":{"start":{"line":70,"column":12},"end":{"line":70,"column":39}},"52":{"start":{"line":73,"column":4},"end":{"line":82,"column":7}},"53":{"start":{"line":74,"column":8},"end":{"line":77,"column":11}},"54":{"start":{"line":75,"column":12},"end":{"line":75,"column":71}},"55":{"start":{"line":76,"column":12},"end":{"line":76,"column":38}},"56":{"start":{"line":78,"column":8},"end":{"line":81,"column":11}},"57":{"start":{"line":79,"column":12},"end":{"line":79,"column":74}},"58":{"start":{"line":80,"column":12},"end":{"line":80,"column":39}},"59":{"start":{"line":83,"column":4},"end":{"line":92,"column":7}},"60":{"start":{"line":84,"column":8},"end":{"line":87,"column":11}},"61":{"start":{"line":85,"column":12},"end":{"line":85,"column":61}},"62":{"start":{"line":86,"column":12},"end":{"line":86,"column":38}},"63":{"start":{"line":88,"column":8},"end":{"line":91,"column":11}},"64":{"start":{"line":89,"column":12},"end":{"line":89,"column":58}},"65":{"start":{"line":90,"column":12},"end":{"line":90,"column":39}},"66":{"start":{"line":93,"column":4},"end":{"line":102,"column":7}},"67":{"start":{"line":94,"column":8},"end":{"line":97,"column":11}},"68":{"start":{"line":95,"column":12},"end":{"line":95,"column":72}},"69":{"start":{"line":96,"column":12},"end":{"line":96,"column":38}},"70":{"start":{"line":98,"column":8},"end":{"line":101,"column":11}},"71":{"start":{"line":99,"column":12},"end":{"line":99,"column":72}},"72":{"start":{"line":100,"column":12},"end":{"line":100,"column":39}},"73":{"start":{"line":103,"column":4},"end":{"line":110,"column":7}},"74":{"start":{"line":104,"column":8},"end":{"line":109,"column":11}},"75":{"start":{"line":105,"column":12},"end":{"line":105,"column":86}},"76":{"start":{"line":106,"column":12},"end":{"line":106,"column":44}},"77":{"start":{"line":107,"column":12},"end":{"line":107,"column":44}},"78":{"start":{"line":108,"column":12},"end":{"line":108,"column":44}}},"branchMap":{}},"/Users/scott/repos/sqiggl-js/src/expressions.js":{"path":"/Users/scott/repos/sqiggl-js/src/expressions.js","s":{"1":1,"2":1,"3":1,"4":1,"5":1,"6":1,"7":18,"8":1,"9":37,"10":1,"11":26,"12":1,"13":15,"14":1,"15":27,"16":1,"17":26,"18":1,"19":26,"20":1,"21":26,"22":1,"23":14,"24":1,"25":32,"26":1,"27":4,"28":1},"b":{"1":[8,18],"2":[32,19]},"f":{"1":18,"2":37,"3":26,"4":15,"5":27,"6":26,"7":26,"8":26,"9":14,"10":32,"11":4},"fnMap":{"1":{"name":"(anonymous_1)","line":8,"loc":{"start":{"line":8,"column":10},"end":{"line":8,"column":28}}},"2":{"name":"(anonymous_2)","line":12,"loc":{"start":{"line":12,"column":10},"end":{"line":12,"column":28}}},"3":{"name":"(anonymous_3)","line":16,"loc":{"start":{"line":16,"column":10},"end":{"line":16,"column":28}}},"4":{"name":"(anonymous_4)","line":20,"loc":{"start":{"line":20,"column":10},"end":{"line":20,"column":28}}},"5":{"name":"(anonymous_5)","line":25,"loc":{"start":{"line":25,"column":10},"end":{"line":25,"column":28}}},"6":{"name":"(anonymous_6)","line":29,"loc":{"start":{"line":29,"column":10},"end":{"line":29,"column":28}}},"7":{"name":"(anonymous_7)","line":33,"loc":{"start":{"line":33,"column":10},"end":{"line":33,"column":28}}},"8":{"name":"(anonymous_8)","line":37,"loc":{"start":{"line":37,"column":10},"end":{"line":37,"column":28}}},"9":{"name":"(anonymous_9)","line":41,"loc":{"start":{"line":41,"column":10},"end":{"line":41,"column":28}}},"10":{"name":"(anonymous_10)","line":45,"loc":{"start":{"line":45,"column":10},"end":{"line":45,"column":28}}},"11":{"name":"(anonymous_11)","line":49,"loc":{"start":{"line":49,"column":10},"end":{"line":49,"column":28}}}},"statementMap":{"1":{"start":{"line":1,"column":0},"end":{"line":1,"column":41}},"2":{"start":{"line":2,"column":0},"end":{"line":2,"column":22}},"3":{"start":{"line":3,"column":0},"end":{"line":3,"column":30}},"4":{"start":{"line":4,"column":0},"end":{"line":4,"column":23}},"5":{"start":{"line":5,"column":0},"end":{"line":5,"column":20}},"6":{"start":{"line":6,"column":0},"end":{"line":9,"column":2}},"7":{"start":{"line":8,"column":30},"end":{"line":8,"column":60}},"8":{"start":{"line":10,"column":0},"end":{"line":13,"column":2}},"9":{"start":{"line":12,"column":30},"end":{"line":12,"column":65}},"10":{"start":{"line":14,"column":0},"end":{"line":17,"column":2}},"11":{"start":{"line":16,"column":30},"end":{"line":16,"column":65}},"12":{"start":{"line":18,"column":0},"end":{"line":22,"column":2}},"13":{"start":{"line":20,"column":30},"end":{"line":20,"column":48}},"14":{"start":{"line":23,"column":0},"end":{"line":26,"column":2}},"15":{"start":{"line":25,"column":30},"end":{"line":25,"column":90}},"16":{"start":{"line":27,"column":0},"end":{"line":30,"column":2}},"17":{"start":{"line":29,"column":30},"end":{"line":29,"column":126}},"18":{"start":{"line":31,"column":0},"end":{"line":34,"column":2}},"19":{"start":{"line":33,"column":30},"end":{"line":33,"column":67}},"20":{"start":{"line":35,"column":0},"end":{"line":38,"column":2}},"21":{"start":{"line":37,"column":30},"end":{"line":37,"column":67}},"22":{"start":{"line":39,"column":0},"end":{"line":42,"column":2}},"23":{"start":{"line":41,"column":30},"end":{"line":41,"column":62}},"24":{"start":{"line":43,"column":0},"end":{"line":46,"column":2}},"25":{"start":{"line":45,"column":30},"end":{"line":45,"column":84}},"26":{"start":{"line":47,"column":0},"end":{"line":50,"column":2}},"27":{"start":{"line":49,"column":30},"end":{"line":49,"column":47}},"28":{"start":{"line":51,"column":0},"end":{"line":63,"column":2}}},"branchMap":{"1":{"line":29,"type":"cond-expr","locations":[{"start":{"line":29,"column":63},"end":{"line":29,"column":68}},{"start":{"line":29,"column":71},"end":{"line":29,"column":125}}]},"2":{"line":45,"type":"binary-expr","locations":[{"start":{"line":45,"column":37},"end":{"line":45,"column":58}},{"start":{"line":45,"column":62},"end":{"line":45,"column":83}}]}}},"/Users/scott/repos/sqiggl-js/src/modifiers.js":{"path":"/Users/scott/repos/sqiggl-js/src/modifiers.js","s":{"1":1,"2":110,"3":1,"4":59,"5":1,"6":27,"7":1,"8":14,"9":1},"b":{"1":[59,38],"2":[27,18],"3":[14,11,8]},"f":{"1":110,"2":59,"3":27,"4":14},"fnMap":{"1":{"name":"(anonymous_1)","line":3,"loc":{"start":{"line":3,"column":10},"end":{"line":3,"column":40}}},"2":{"name":"(anonymous_2)","line":7,"loc":{"start":{"line":7,"column":10},"end":{"line":7,"column":40}}},"3":{"name":"(anonymous_3)","line":11,"loc":{"start":{"line":11,"column":10},"end":{"line":11,"column":40}}},"4":{"name":"(anonymous_4)","line":15,"loc":{"start":{"line":15,"column":10},"end":{"line":15,"column":40}}}},"statementMap":{"1":{"start":{"line":1,"column":0},"end":{"line":4,"column":2}},"2":{"start":{"line":3,"column":42},"end":{"line":3,"column":61}},"3":{"start":{"line":5,"column":0},"end":{"line":8,"column":2}},"4":{"start":{"line":7,"column":42},"end":{"line":7,"column":87}},"5":{"start":{"line":9,"column":0},"end":{"line":12,"column":2}},"6":{"start":{"line":11,"column":42},"end":{"line":11,"column":95}},"7":{"start":{"line":13,"column":0},"end":{"line":16,"column":2}},"8":{"start":{"line":15,"column":42},"end":{"line":15,"column":118}},"9":{"start":{"line":17,"column":0},"end":{"line":22,"column":2}}},"branchMap":{"1":{"line":7,"type":"binary-expr","locations":[{"start":{"line":7,"column":49},"end":{"line":7,"column":59}},{"start":{"line":7,"column":63},"end":{"line":7,"column":86}}]},"2":{"line":11,"type":"binary-expr","locations":[{"start":{"line":11,"column":49},"end":{"line":11,"column":59}},{"start":{"line":11,"column":63},"end":{"line":11,"column":94}}]},"3":{"line":15,"type":"binary-expr","locations":[{"start":{"line":15,"column":49},"end":{"line":15,"column":59}},{"start":{"line":15,"column":63},"end":{"line":15,"column":88}},{"start":{"line":15,"column":92},"end":{"line":15,"column":117}}]}}},"/Users/scott/repos/sqiggl-js/src/modifiers.specs.js":{"path":"/Users/scott/repos/sqiggl-js/src/modifiers.specs.js","s":{"1":1,"2":1,"3":1,"4":1,"5":1,"6":1,"7":1,"8":1,"9":1,"10":1,"11":1,"12":1,"13":1,"14":1,"15":1,"16":1,"17":1,"18":1,"19":1,"20":1,"21":1,"22":1,"23":1,"24":1,"25":1,"26":1,"27":1,"28":1,"29":1,"30":1},"b":{},"f":{"1":1,"2":1,"3":1,"4":1,"5":1,"6":1,"7":1,"8":1,"9":1,"10":1,"11":1,"12":1,"13":1,"14":1,"15":1,"16":1,"17":1},"fnMap":{"1":{"name":"(anonymous_1)","line":2,"loc":{"start":{"line":2,"column":22},"end":{"line":2,"column":34}}},"2":{"name":"(anonymous_2)","line":3,"loc":{"start":{"line":3,"column":20},"end":{"line":3,"column":32}}},"3":{"name":"(anonymous_3)","line":4,"loc":{"start":{"line":4,"column":41},"end":{"line":4,"column":53}}},"4":{"name":"(anonymous_4)","line":7,"loc":{"start":{"line":7,"column":42},"end":{"line":7,"column":54}}},"5":{"name":"(anonymous_5)","line":11,"loc":{"start":{"line":11,"column":24},"end":{"line":11,"column":36}}},"6":{"name":"(anonymous_6)","line":12,"loc":{"start":{"line":12,"column":59},"end":{"line":12,"column":71}}},"7":{"name":"(anonymous_7)","line":15,"loc":{"start":{"line":15,"column":85},"end":{"line":15,"column":97}}},"8":{"name":"(anonymous_8)","line":18,"loc":{"start":{"line":18,"column":90},"end":{"line":18,"column":102}}},"9":{"name":"(anonymous_9)","line":22,"loc":{"start":{"line":22,"column":30},"end":{"line":22,"column":42}}},"10":{"name":"(anonymous_10)","line":23,"loc":{"start":{"line":23,"column":59},"end":{"line":23,"column":71}}},"11":{"name":"(anonymous_11)","line":26,"loc":{"start":{"line":26,"column":95},"end":{"line":26,"column":107}}},"12":{"name":"(anonymous_12)","line":29,"loc":{"start":{"line":29,"column":100},"end":{"line":29,"column":112}}},"13":{"name":"(anonymous_13)","line":33,"loc":{"start":{"line":33,"column":31},"end":{"line":33,"column":43}}},"14":{"name":"(anonymous_14)","line":34,"loc":{"start":{"line":34,"column":59},"end":{"line":34,"column":71}}},"15":{"name":"(anonymous_15)","line":37,"loc":{"start":{"line":37,"column":109},"end":{"line":37,"column":121}}},"16":{"name":"(anonymous_16)","line":40,"loc":{"start":{"line":40,"column":109},"end":{"line":40,"column":121}}},"17":{"name":"(anonymous_17)","line":43,"loc":{"start":{"line":43,"column":124},"end":{"line":43,"column":136}}}},"statementMap":{"1":{"start":{"line":1,"column":0},"end":{"line":1,"column":41}},"2":{"start":{"line":2,"column":0},"end":{"line":47,"column":3}},"3":{"start":{"line":3,"column":4},"end":{"line":10,"column":7}},"4":{"start":{"line":4,"column":8},"end":{"line":6,"column":11}},"5":{"start":{"line":5,"column":12},"end":{"line":5,"column":59}},"6":{"start":{"line":7,"column":8},"end":{"line":9,"column":11}},"7":{"start":{"line":8,"column":12},"end":{"line":8,"column":59}},"8":{"start":{"line":11,"column":4},"end":{"line":21,"column":7}},"9":{"start":{"line":12,"column":8},"end":{"line":14,"column":11}},"10":{"start":{"line":13,"column":12},"end":{"line":13,"column":76}},"11":{"start":{"line":15,"column":8},"end":{"line":17,"column":11}},"12":{"start":{"line":16,"column":12},"end":{"line":16,"column":77}},"13":{"start":{"line":18,"column":8},"end":{"line":20,"column":11}},"14":{"start":{"line":19,"column":12},"end":{"line":19,"column":78}},"15":{"start":{"line":22,"column":4},"end":{"line":32,"column":7}},"16":{"start":{"line":23,"column":8},"end":{"line":25,"column":11}},"17":{"start":{"line":24,"column":12},"end":{"line":24,"column":82}},"18":{"start":{"line":26,"column":8},"end":{"line":28,"column":11}},"19":{"start":{"line":27,"column":12},"end":{"line":27,"column":83}},"20":{"start":{"line":29,"column":8},"end":{"line":31,"column":11}},"21":{"start":{"line":30,"column":12},"end":{"line":30,"column":84}},"22":{"start":{"line":33,"column":4},"end":{"line":46,"column":7}},"23":{"start":{"line":34,"column":8},"end":{"line":36,"column":11}},"24":{"start":{"line":35,"column":12},"end":{"line":35,"column":89}},"25":{"start":{"line":37,"column":8},"end":{"line":39,"column":11}},"26":{"start":{"line":38,"column":12},"end":{"line":38,"column":90}},"27":{"start":{"line":40,"column":8},"end":{"line":42,"column":11}},"28":{"start":{"line":41,"column":12},"end":{"line":41,"column":89}},"29":{"start":{"line":43,"column":8},"end":{"line":45,"column":11}},"30":{"start":{"line":44,"column":12},"end":{"line":44,"column":91}}},"branchMap":{}},"/Users/scott/repos/sqiggl-js/src/actions.specs.js":{"path":"/Users/scott/repos/sqiggl-js/src/actions.specs.js","s":{"1":1,"2":1,"3":1,"4":1,"5":1,"6":1,"7":1,"8":1,"9":1,"10":1,"11":1,"12":1,"13":1,"14":1,"15":1,"16":1,"17":1,"18":1,"19":1,"20":1,"21":1,"22":1,"23":1,"24":1,"25":1,"26":1,"27":1,"28":1,"29":1,"30":1,"31":1},"b":{},"f":{"1":1,"2":1,"3":1,"4":1,"5":1,"6":1,"7":1,"8":1,"9":1,"10":1},"fnMap":{"1":{"name":"(anonymous_1)","line":4,"loc":{"start":{"line":4,"column":20},"end":{"line":4,"column":32}}},"2":{"name":"(anonymous_2)","line":5,"loc":{"start":{"line":5,"column":19},"end":{"line":5,"column":31}}},"3":{"name":"(anonymous_3)","line":6,"loc":{"start":{"line":6,"column":70},"end":{"line":6,"column":82}}},"4":{"name":"(anonymous_4)","line":11,"loc":{"start":{"line":11,"column":60},"end":{"line":11,"column":72}}},"5":{"name":"(anonymous_5)","line":17,"loc":{"start":{"line":17,"column":23},"end":{"line":17,"column":35}}},"6":{"name":"(anonymous_6)","line":18,"loc":{"start":{"line":18,"column":59},"end":{"line":18,"column":71}}},"7":{"name":"(anonymous_7)","line":23,"loc":{"start":{"line":23,"column":71},"end":{"line":23,"column":83}}},"8":{"name":"(anonymous_8)","line":29,"loc":{"start":{"line":29,"column":21},"end":{"line":29,"column":33}}},"9":{"name":"(anonymous_9)","line":30,"loc":{"start":{"line":30,"column":70},"end":{"line":30,"column":82}}},"10":{"name":"(anonymous_10)","line":35,"loc":{"start":{"line":35,"column":71},"end":{"line":35,"column":83}}}},"statementMap":{"1":{"start":{"line":1,"column":0},"end":{"line":1,"column":37}},"2":{"start":{"line":2,"column":0},"end":{"line":2,"column":35}},"3":{"start":{"line":3,"column":0},"end":{"line":3,"column":31}},"4":{"start":{"line":4,"column":0},"end":{"line":42,"column":3}},"5":{"start":{"line":5,"column":4},"end":{"line":16,"column":7}},"6":{"start":{"line":6,"column":8},"end":{"line":10,"column":11}},"7":{"start":{"line":7,"column":12},"end":{"line":7,"column":48}},"8":{"start":{"line":8,"column":12},"end":{"line":8,"column":114}},"9":{"start":{"line":9,"column":12},"end":{"line":9,"column":47}},"10":{"start":{"line":11,"column":8},"end":{"line":15,"column":11}},"11":{"start":{"line":12,"column":12},"end":{"line":12,"column":48}},"12":{"start":{"line":13,"column":12},"end":{"line":13,"column":115}},"13":{"start":{"line":14,"column":12},"end":{"line":14,"column":39}},"14":{"start":{"line":17,"column":4},"end":{"line":28,"column":7}},"15":{"start":{"line":18,"column":8},"end":{"line":22,"column":11}},"16":{"start":{"line":19,"column":12},"end":{"line":19,"column":48}},"17":{"start":{"line":20,"column":12},"end":{"line":20,"column":118}},"18":{"start":{"line":21,"column":12},"end":{"line":21,"column":39}},"19":{"start":{"line":23,"column":8},"end":{"line":27,"column":11}},"20":{"start":{"line":24,"column":12},"end":{"line":24,"column":48}},"21":{"start":{"line":25,"column":12},"end":{"line":25,"column":119}},"22":{"start":{"line":26,"column":12},"end":{"line":26,"column":47}},"23":{"start":{"line":29,"column":4},"end":{"line":40,"column":7}},"24":{"start":{"line":30,"column":8},"end":{"line":34,"column":11}},"25":{"start":{"line":31,"column":12},"end":{"line":31,"column":48}},"26":{"start":{"line":32,"column":12},"end":{"line":32,"column":116}},"27":{"start":{"line":33,"column":12},"end":{"line":33,"column":47}},"28":{"start":{"line":35,"column":8},"end":{"line":39,"column":11}},"29":{"start":{"line":36,"column":12},"end":{"line":36,"column":48}},"30":{"start":{"line":37,"column":12},"end":{"line":37,"column":117}},"31":{"start":{"line":38,"column":12},"end":{"line":38,"column":47}}},"branchMap":{}},"/Users/scott/repos/sqiggl-js/src/actions.js":{"path":"/Users/scott/repos/sqiggl-js/src/actions.js","s":{"1":1,"2":1,"3":215,"4":1,"5":1,"6":8,"7":1,"8":1,"9":110,"10":1,"11":1,"12":1,"13":3,"14":3,"15":3,"16":1,"17":1,"18":1},"b":{"1":[109,106],"2":[4,4]},"f":{"1":215,"2":8,"3":110,"4":1},"fnMap":{"1":{"name":"(anonymous_1)","line":4,"loc":{"start":{"line":4,"column":10},"end":{"line":4,"column":64}}},"2":{"name":"(anonymous_2)","line":12,"loc":{"start":{"line":12,"column":10},"end":{"line":12,"column":64}}},"3":{"name":"(anonymous_3)","line":21,"loc":{"start":{"line":21,"column":10},"end":{"line":21,"column":64}}},"4":{"name":"(anonymous_4)","line":25,"loc":{"start":{"line":25,"column":10},"end":{"line":25,"column":76}}}},"statementMap":{"1":{"start":{"line":1,"column":0},"end":{"line":1,"column":35}},"2":{"start":{"line":2,"column":0},"end":{"line":5,"column":2}},"3":{"start":{"line":4,"column":66},"end":{"line":4,"column":130}},"4":{"start":{"line":6,"column":0},"end":{"line":9,"column":2}},"5":{"start":{"line":10,"column":0},"end":{"line":13,"column":2}},"6":{"start":{"line":12,"column":66},"end":{"line":12,"column":131}},"7":{"start":{"line":14,"column":0},"end":{"line":17,"column":2}},"8":{"start":{"line":18,"column":0},"end":{"line":22,"column":2}},"9":{"start":{"line":21,"column":66},"end":{"line":21,"column":104}},"10":{"start":{"line":23,"column":0},"end":{"line":34,"column":2}},"11":{"start":{"line":26,"column":8},"end":{"line":26,"column":24}},"12":{"start":{"line":27,"column":8},"end":{"line":31,"column":9}},"13":{"start":{"line":28,"column":12},"end":{"line":28,"column":45}},"14":{"start":{"line":29,"column":12},"end":{"line":29,"column":48}},"15":{"start":{"line":30,"column":12},"end":{"line":30,"column":56}},"16":{"start":{"line":32,"column":8},"end":{"line":32,"column":93}},"17":{"start":{"line":35,"column":0},"end":{"line":38,"column":2}},"18":{"start":{"line":39,"column":0},"end":{"line":47,"column":2}}},"branchMap":{"1":{"line":4,"type":"cond-expr","locations":[{"start":{"line":4,"column":92},"end":{"line":4,"column":122}},{"start":{"line":4,"column":125},"end":{"line":4,"column":129}}]},"2":{"line":12,"type":"cond-expr","locations":[{"start":{"line":12,"column":93},"end":{"line":12,"column":123}},{"start":{"line":12,"column":126},"end":{"line":12,"column":130}}]}}},"/Users/scott/repos/sqiggl-js/src/parser.js":{"path":"/Users/scott/repos/sqiggl-js/src/parser.js","s":{"1":1,"2":1,"3":1,"4":1,"5":1,"6":1,"7":562,"8":226,"9":562,"10":562,"11":1,"12":562,"13":3372,"14":3372,"15":562,"16":1,"17":454,"18":454,"19":1549,"20":0,"21":1549,"22":433,"23":109,"24":324,"25":1440,"26":117,"27":1440,"28":2,"29":1440,"30":778,"31":454,"32":1,"33":0,"34":0,"35":1,"36":587,"37":125,"38":587,"39":2,"40":585,"41":56,"42":529,"43":193,"44":336,"45":330,"46":6,"47":0,"48":1,"49":1},"b":{"1":[226,336],"2":[3372,1699],"3":[0,1549],"4":[433,1116],"5":[1549,650],"6":[109,324],"7":[433,216],"8":[117,1323],"9":[2,1438],"10":[1440,4],"11":[778,662],"12":[125,462],"13":[2,585],"14":[56,529],"15":[585,530],"16":[193,336],"17":[330,6],"18":[336,336],"19":[0,6]},"f":{"1":1,"2":562,"3":562,"4":454,"5":0,"6":587},"fnMap":{"1":{"name":"(anonymous_1)","line":12,"loc":{"start":{"line":12,"column":14},"end":{"line":12,"column":26}}},"2":{"name":"Parser","line":13,"loc":{"start":{"line":13,"column":4},"end":{"line":13,"column":29}}},"3":{"name":"(anonymous_3)","line":18,"loc":{"start":{"line":18,"column":34},"end":{"line":18,"column":53}}},"4":{"name":"(anonymous_4)","line":33,"loc":{"start":{"line":33,"column":29},"end":{"line":33,"column":55}}},"5":{"name":"(anonymous_5)","line":61,"loc":{"start":{"line":61,"column":39},"end":{"line":61,"column":71}}},"6":{"name":"(anonymous_6)","line":84,"loc":{"start":{"line":84,"column":26},"end":{"line":84,"column":86}}}},"statementMap":{"1":{"start":{"line":1,"column":0},"end":{"line":1,"column":59}},"2":{"start":{"line":2,"column":0},"end":{"line":2,"column":67}},"3":{"start":{"line":3,"column":0},"end":{"line":3,"column":59}},"4":{"start":{"line":4,"column":0},"end":{"line":11,"column":2}},"5":{"start":{"line":12,"column":0},"end":{"line":98,"column":5}},"6":{"start":{"line":13,"column":4},"end":{"line":17,"column":5}},"7":{"start":{"line":14,"column":8},"end":{"line":14,"column":49}},"8":{"start":{"line":14,"column":34},"end":{"line":14,"column":47}},"9":{"start":{"line":15,"column":8},"end":{"line":15,"column":26}},"10":{"start":{"line":16,"column":8},"end":{"line":16,"column":33}},"11":{"start":{"line":18,"column":4},"end":{"line":24,"column":6}},"12":{"start":{"line":19,"column":8},"end":{"line":22,"column":9}},"13":{"start":{"line":20,"column":12},"end":{"line":20,"column":29}},"14":{"start":{"line":21,"column":12},"end":{"line":21,"column":84}},"15":{"start":{"line":23,"column":8},"end":{"line":23,"column":20}},"16":{"start":{"line":33,"column":4},"end":{"line":53,"column":6}},"17":{"start":{"line":34,"column":8},"end":{"line":34,"column":29}},"18":{"start":{"line":35,"column":8},"end":{"line":51,"column":9}},"19":{"start":{"line":36,"column":12},"end":{"line":37,"column":79}},"20":{"start":{"line":37,"column":16},"end":{"line":37,"column":79}},"21":{"start":{"line":38,"column":12},"end":{"line":42,"column":13}},"22":{"start":{"line":39,"column":16},"end":{"line":40,"column":29}},"23":{"start":{"line":40,"column":20},"end":{"line":40,"column":29}},"24":{"start":{"line":41,"column":16},"end":{"line":41,"column":102}},"25":{"start":{"line":43,"column":12},"end":{"line":45,"column":13}},"26":{"start":{"line":44,"column":16},"end":{"line":44,"column":122}},"27":{"start":{"line":46,"column":12},"end":{"line":48,"column":13}},"28":{"start":{"line":47,"column":16},"end":{"line":47,"column":99}},"29":{"start":{"line":49,"column":12},"end":{"line":50,"column":40}},"30":{"start":{"line":50,"column":16},"end":{"line":50,"column":40}},"31":{"start":{"line":52,"column":8},"end":{"line":52,"column":22}},"32":{"start":{"line":61,"column":4},"end":{"line":64,"column":6}},"33":{"start":{"line":62,"column":8},"end":{"line":62,"column":83}},"34":{"start":{"line":63,"column":8},"end":{"line":63,"column":31}},"35":{"start":{"line":84,"column":4},"end":{"line":96,"column":6}},"36":{"start":{"line":85,"column":8},"end":{"line":85,"column":98}},"37":{"start":{"line":85,"column":57},"end":{"line":85,"column":96}},"38":{"start":{"line":86,"column":8},"end":{"line":87,"column":25}},"39":{"start":{"line":87,"column":12},"end":{"line":87,"column":25}},"40":{"start":{"line":88,"column":8},"end":{"line":89,"column":52}},"41":{"start":{"line":89,"column":12},"end":{"line":89,"column":52}},"42":{"start":{"line":90,"column":8},"end":{"line":91,"column":36}},"43":{"start":{"line":91,"column":12},"end":{"line":91,"column":36}},"44":{"start":{"line":92,"column":8},"end":{"line":93,"column":36}},"45":{"start":{"line":93,"column":12},"end":{"line":93,"column":36}},"46":{"start":{"line":94,"column":8},"end":{"line":95,"column":104}},"47":{"start":{"line":95,"column":12},"end":{"line":95,"column":104}},"48":{"start":{"line":97,"column":4},"end":{"line":97,"column":18}},"49":{"start":{"line":99,"column":0},"end":{"line":99,"column":24}}},"branchMap":{"1":{"line":14,"type":"if","locations":[{"start":{"line":14,"column":8},"end":{"line":14,"column":8}},{"start":{"line":14,"column":8},"end":{"line":14,"column":8}}]},"2":{"line":21,"type":"binary-expr","locations":[{"start":{"line":21,"column":32},"end":{"line":21,"column":44}},{"start":{"line":21,"column":48},"end":{"line":21,"column":83}}]},"3":{"line":36,"type":"if","locations":[{"start":{"line":36,"column":12},"end":{"line":36,"column":12}},{"start":{"line":36,"column":12},"end":{"line":36,"column":12}}]},"4":{"line":38,"type":"if","locations":[{"start":{"line":38,"column":12},"end":{"line":38,"column":12}},{"start":{"line":38,"column":12},"end":{"line":38,"column":12}}]},"5":{"line":38,"type":"binary-expr","locations":[{"start":{"line":38,"column":16},"end":{"line":38,"column":32}},{"start":{"line":38,"column":36},"end":{"line":38,"column":66}}]},"6":{"line":39,"type":"if","locations":[{"start":{"line":39,"column":16},"end":{"line":39,"column":16}},{"start":{"line":39,"column":16},"end":{"line":39,"column":16}}]},"7":{"line":39,"type":"binary-expr","locations":[{"start":{"line":39,"column":21},"end":{"line":39,"column":57}},{"start":{"line":39,"column":61},"end":{"line":39,"column":97}}]},"8":{"line":43,"type":"if","locations":[{"start":{"line":43,"column":12},"end":{"line":43,"column":12}},{"start":{"line":43,"column":12},"end":{"line":43,"column":12}}]},"9":{"line":46,"type":"if","locations":[{"start":{"line":46,"column":12},"end":{"line":46,"column":12}},{"start":{"line":46,"column":12},"end":{"line":46,"column":12}}]},"10":{"line":46,"type":"binary-expr","locations":[{"start":{"line":46,"column":16},"end":{"line":46,"column":32}},{"start":{"line":46,"column":36},"end":{"line":46,"column":63}}]},"11":{"line":49,"type":"if","locations":[{"start":{"line":49,"column":12},"end":{"line":49,"column":12}},{"start":{"line":49,"column":12},"end":{"line":49,"column":12}}]},"12":{"line":85,"type":"if","locations":[{"start":{"line":85,"column":8},"end":{"line":85,"column":8}},{"start":{"line":85,"column":8},"end":{"line":85,"column":8}}]},"13":{"line":86,"type":"if","locations":[{"start":{"line":86,"column":8},"end":{"line":86,"column":8}},{"start":{"line":86,"column":8},"end":{"line":86,"column":8}}]},"14":{"line":88,"type":"if","locations":[{"start":{"line":88,"column":8},"end":{"line":88,"column":8}},{"start":{"line":88,"column":8},"end":{"line":88,"column":8}}]},"15":{"line":88,"type":"binary-expr","locations":[{"start":{"line":88,"column":12},"end":{"line":88,"column":28}},{"start":{"line":88,"column":32},"end":{"line":88,"column":49}}]},"16":{"line":90,"type":"if","locations":[{"start":{"line":90,"column":8},"end":{"line":90,"column":8}},{"start":{"line":90,"column":8},"end":{"line":90,"column":8}}]},"17":{"line":92,"type":"if","locations":[{"start":{"line":92,"column":8},"end":{"line":92,"column":8}},{"start":{"line":92,"column":8},"end":{"line":92,"column":8}}]},"18":{"line":92,"type":"binary-expr","locations":[{"start":{"line":92,"column":12},"end":{"line":92,"column":23}},{"start":{"line":92,"column":27},"end":{"line":92,"column":58}}]},"19":{"line":94,"type":"if","locations":[{"start":{"line":94,"column":8},"end":{"line":94,"column":8}},{"start":{"line":94,"column":8},"end":{"line":94,"column":8}}]}}},"/Users/scott/repos/sqiggl-js/src/parsers/comment.parser.js":{"path":"/Users/scott/repos/sqiggl-js/src/parsers/comment.parser.js","s":{"1":1,"2":1,"3":2,"4":1,"5":2,"6":1,"7":1},"b":{},"f":{"1":1,"2":2,"3":2},"fnMap":{"1":{"name":"(anonymous_1)","line":1,"loc":{"start":{"line":1,"column":21},"end":{"line":1,"column":33}}},"2":{"name":"CommentParser","line":2,"loc":{"start":{"line":2,"column":4},"end":{"line":2,"column":36}}},"3":{"name":"(anonymous_3)","line":12,"loc":{"start":{"line":12,"column":36},"end":{"line":12,"column":55}}}},"statementMap":{"1":{"start":{"line":1,"column":0},"end":{"line":16,"column":5}},"2":{"start":{"line":2,"column":4},"end":{"line":4,"column":5}},"3":{"start":{"line":3,"column":8},"end":{"line":3,"column":31}},"4":{"start":{"line":12,"column":4},"end":{"line":14,"column":6}},"5":{"start":{"line":13,"column":8},"end":{"line":13,"column":96}},"6":{"start":{"line":15,"column":4},"end":{"line":15,"column":25}},"7":{"start":{"line":17,"column":0},"end":{"line":17,"column":38}}},"branchMap":{}},"/Users/scott/repos/sqiggl-js/src/parsers/replacement.parser.js":{"path":"/Users/scott/repos/sqiggl-js/src/parsers/replacement.parser.js","s":{"1":1,"2":1,"3":1,"4":1,"5":124,"6":1,"7":124,"8":124,"9":6,"10":6,"11":2,"12":118,"13":124,"14":2,"15":122,"16":2,"17":120,"18":1,"19":1},"b":{"1":[6,118],"2":[2,4],"3":[2,122],"4":[2,120]},"f":{"1":1,"2":124,"3":124},"fnMap":{"1":{"name":"(anonymous_1)","line":8,"loc":{"start":{"line":8,"column":25},"end":{"line":8,"column":37}}},"2":{"name":"ReplacementParser","line":15,"loc":{"start":{"line":15,"column":4},"end":{"line":15,"column":40}}},"3":{"name":"(anonymous_3)","line":26,"loc":{"start":{"line":26,"column":40},"end":{"line":26,"column":66}}}},"statementMap":{"1":{"start":{"line":1,"column":0},"end":{"line":1,"column":36}},"2":{"start":{"line":2,"column":0},"end":{"line":2,"column":57}},"3":{"start":{"line":8,"column":0},"end":{"line":44,"column":5}},"4":{"start":{"line":15,"column":4},"end":{"line":17,"column":5}},"5":{"start":{"line":16,"column":8},"end":{"line":16,"column":31}},"6":{"start":{"line":26,"column":4},"end":{"line":42,"column":6}},"7":{"start":{"line":27,"column":8},"end":{"line":27,"column":19}},"8":{"start":{"line":28,"column":8},"end":{"line":36,"column":9}},"9":{"start":{"line":29,"column":12},"end":{"line":29,"column":98}},"10":{"start":{"line":30,"column":12},"end":{"line":32,"column":13}},"11":{"start":{"line":31,"column":16},"end":{"line":31,"column":96}},"12":{"start":{"line":35,"column":12},"end":{"line":35,"column":85}},"13":{"start":{"line":37,"column":8},"end":{"line":38,"column":43}},"14":{"start":{"line":38,"column":12},"end":{"line":38,"column":43}},"15":{"start":{"line":39,"column":8},"end":{"line":40,"column":44}},"16":{"start":{"line":40,"column":12},"end":{"line":40,"column":44}},"17":{"start":{"line":41,"column":8},"end":{"line":41,"column":22}},"18":{"start":{"line":43,"column":4},"end":{"line":43,"column":29}},"19":{"start":{"line":45,"column":0},"end":{"line":45,"column":46}}},"branchMap":{"1":{"line":28,"type":"if","locations":[{"start":{"line":28,"column":8},"end":{"line":28,"column":8}},{"start":{"line":28,"column":8},"end":{"line":28,"column":8}}]},"2":{"line":30,"type":"if","locations":[{"start":{"line":30,"column":12},"end":{"line":30,"column":12}},{"start":{"line":30,"column":12},"end":{"line":30,"column":12}}]},"3":{"line":37,"type":"if","locations":[{"start":{"line":37,"column":8},"end":{"line":37,"column":8}},{"start":{"line":37,"column":8},"end":{"line":37,"column":8}}]},"4":{"line":39,"type":"if","locations":[{"start":{"line":39,"column":8},"end":{"line":39,"column":8}},{"start":{"line":39,"column":8},"end":{"line":39,"column":8}}]}}},"/Users/scott/repos/sqiggl-js/src/parsers/expression.parser.js":{"path":"/Users/scott/repos/sqiggl-js/src/parsers/expression.parser.js","s":{"1":1,"2":1,"3":1,"4":230,"5":1,"6":230,"7":7,"8":230,"9":230,"10":462,"11":230,"12":230,"13":220,"14":198,"15":198,"16":230,"17":1,"18":1},"b":{"1":[7,223],"2":[220,10]},"f":{"1":1,"2":230,"3":230},"fnMap":{"1":{"name":"(anonymous_1)","line":7,"loc":{"start":{"line":7,"column":24},"end":{"line":7,"column":36}}},"2":{"name":"ExpressionParser","line":14,"loc":{"start":{"line":14,"column":4},"end":{"line":14,"column":39}}},"3":{"name":"(anonymous_3)","line":25,"loc":{"start":{"line":25,"column":39},"end":{"line":25,"column":65}}}},"statementMap":{"1":{"start":{"line":1,"column":0},"end":{"line":1,"column":36}},"2":{"start":{"line":7,"column":0},"end":{"line":41,"column":5}},"3":{"start":{"line":14,"column":4},"end":{"line":16,"column":5}},"4":{"start":{"line":15,"column":8},"end":{"line":15,"column":31}},"5":{"start":{"line":25,"column":4},"end":{"line":39,"column":6}},"6":{"start":{"line":26,"column":8},"end":{"line":26,"column":53}},"7":{"start":{"line":26,"column":36},"end":{"line":26,"column":51}},"8":{"start":{"line":27,"column":8},"end":{"line":27,"column":16}},"9":{"start":{"line":28,"column":8},"end":{"line":30,"column":9}},"10":{"start":{"line":29,"column":12},"end":{"line":29,"column":136}},"11":{"start":{"line":31,"column":8},"end":{"line":31,"column":66}},"12":{"start":{"line":32,"column":8},"end":{"line":37,"column":9}},"13":{"start":{"line":33,"column":12},"end":{"line":36,"column":13}},"14":{"start":{"line":34,"column":16},"end":{"line":34,"column":38}},"15":{"start":{"line":35,"column":16},"end":{"line":35,"column":59}},"16":{"start":{"line":38,"column":8},"end":{"line":38,"column":22}},"17":{"start":{"line":40,"column":4},"end":{"line":40,"column":28}},"18":{"start":{"line":42,"column":0},"end":{"line":42,"column":44}}},"branchMap":{"1":{"line":26,"type":"if","locations":[{"start":{"line":26,"column":8},"end":{"line":26,"column":8}},{"start":{"line":26,"column":8},"end":{"line":26,"column":8}}]},"2":{"line":32,"type":"if","locations":[{"start":{"line":32,"column":8},"end":{"line":32,"column":8}},{"start":{"line":32,"column":8},"end":{"line":32,"column":8}}]}}},"/Users/scott/repos/sqiggl-js/src/parsers/command.parser.js":{"path":"/Users/scott/repos/sqiggl-js/src/parsers/command.parser.js","s":{"1":1,"2":1,"3":1,"4":1,"5":328,"6":1,"7":328,"8":7,"9":328,"10":328,"11":328,"12":328,"13":220,"14":328,"15":328,"16":328,"17":1,"18":327,"19":328,"20":108,"21":328,"22":1,"23":1},"b":{"1":[7,321],"2":[220,108],"3":[328,0],"4":[1,327],"5":[108,220],"6":[328,108]},"f":{"1":1,"2":328,"3":328},"fnMap":{"1":{"name":"(anonymous_1)","line":8,"loc":{"start":{"line":8,"column":21},"end":{"line":8,"column":33}}},"2":{"name":"CommandParser","line":15,"loc":{"start":{"line":15,"column":4},"end":{"line":15,"column":36}}},"3":{"name":"(anonymous_3)","line":26,"loc":{"start":{"line":26,"column":36},"end":{"line":26,"column":62}}}},"statementMap":{"1":{"start":{"line":1,"column":0},"end":{"line":1,"column":36}},"2":{"start":{"line":2,"column":0},"end":{"line":2,"column":57}},"3":{"start":{"line":8,"column":0},"end":{"line":45,"column":5}},"4":{"start":{"line":15,"column":4},"end":{"line":17,"column":5}},"5":{"start":{"line":16,"column":8},"end":{"line":16,"column":31}},"6":{"start":{"line":26,"column":4},"end":{"line":43,"column":6}},"7":{"start":{"line":27,"column":8},"end":{"line":27,"column":53}},"8":{"start":{"line":27,"column":36},"end":{"line":27,"column":51}},"9":{"start":{"line":28,"column":8},"end":{"line":28,"column":34}},"10":{"start":{"line":29,"column":8},"end":{"line":29,"column":36}},"11":{"start":{"line":30,"column":8},"end":{"line":30,"column":36}},"12":{"start":{"line":31,"column":8},"end":{"line":32,"column":112}},"13":{"start":{"line":32,"column":12},"end":{"line":32,"column":112}},"14":{"start":{"line":33,"column":8},"end":{"line":33,"column":19}},"15":{"start":{"line":34,"column":8},"end":{"line":39,"column":9}},"16":{"start":{"line":35,"column":12},"end":{"line":38,"column":112}},"17":{"start":{"line":36,"column":16},"end":{"line":36,"column":121}},"18":{"start":{"line":38,"column":16},"end":{"line":38,"column":112}},"19":{"start":{"line":40,"column":8},"end":{"line":41,"column":38}},"20":{"start":{"line":41,"column":12},"end":{"line":41,"column":38}},"21":{"start":{"line":42,"column":8},"end":{"line":42,"column":28}},"22":{"start":{"line":44,"column":4},"end":{"line":44,"column":25}},"23":{"start":{"line":46,"column":0},"end":{"line":46,"column":38}}},"branchMap":{"1":{"line":27,"type":"if","locations":[{"start":{"line":27,"column":8},"end":{"line":27,"column":8}},{"start":{"line":27,"column":8},"end":{"line":27,"column":8}}]},"2":{"line":31,"type":"if","locations":[{"start":{"line":31,"column":8},"end":{"line":31,"column":8}},{"start":{"line":31,"column":8},"end":{"line":31,"column":8}}]},"3":{"line":34,"type":"if","locations":[{"start":{"line":34,"column":8},"end":{"line":34,"column":8}},{"start":{"line":34,"column":8},"end":{"line":34,"column":8}}]},"4":{"line":35,"type":"if","locations":[{"start":{"line":35,"column":12},"end":{"line":35,"column":12}},{"start":{"line":35,"column":12},"end":{"line":35,"column":12}}]},"5":{"line":40,"type":"if","locations":[{"start":{"line":40,"column":8},"end":{"line":40,"column":8}},{"start":{"line":40,"column":8},"end":{"line":40,"column":8}}]},"6":{"line":42,"type":"binary-expr","locations":[{"start":{"line":42,"column":15},"end":{"line":42,"column":21}},{"start":{"line":42,"column":25},"end":{"line":42,"column":27}}]}}},"/Users/scott/repos/sqiggl-js/src/lexers/expression.lexer.specs.js":{"path":"/Users/scott/repos/sqiggl-js/src/lexers/expression.lexer.specs.js","s":{"1":1,"2":1,"3":1,"4":1,"5":1,"6":1,"7":1,"8":1,"9":1,"10":1,"11":1,"12":1,"13":1,"14":1,"15":1},"b":{},"f":{"1":1,"2":1,"3":1,"4":1},"fnMap":{"1":{"name":"(anonymous_1)","line":4,"loc":{"start":{"line":4,"column":28},"end":{"line":4,"column":40}}},"2":{"name":"(anonymous_2)","line":5,"loc":{"start":{"line":5,"column":23},"end":{"line":5,"column":35}}},"3":{"name":"(anonymous_3)","line":6,"loc":{"start":{"line":6,"column":100},"end":{"line":6,"column":112}}},"4":{"name":"(anonymous_4)","line":12,"loc":{"start":{"line":12,"column":99},"end":{"line":12,"column":111}}}},"statementMap":{"1":{"start":{"line":1,"column":0},"end":{"line":1,"column":55}},"2":{"start":{"line":2,"column":0},"end":{"line":2,"column":34}},"3":{"start":{"line":3,"column":0},"end":{"line":3,"column":46}},"4":{"start":{"line":4,"column":0},"end":{"line":19,"column":3}},"5":{"start":{"line":5,"column":4},"end":{"line":18,"column":7}},"6":{"start":{"line":6,"column":8},"end":{"line":11,"column":11}},"7":{"start":{"line":7,"column":12},"end":{"line":7,"column":82}},"8":{"start":{"line":8,"column":12},"end":{"line":8,"column":87}},"9":{"start":{"line":9,"column":12},"end":{"line":9,"column":146}},"10":{"start":{"line":10,"column":12},"end":{"line":10,"column":45}},"11":{"start":{"line":12,"column":8},"end":{"line":17,"column":11}},"12":{"start":{"line":13,"column":12},"end":{"line":13,"column":82}},"13":{"start":{"line":14,"column":12},"end":{"line":14,"column":87}},"14":{"start":{"line":15,"column":12},"end":{"line":15,"column":146}},"15":{"start":{"line":16,"column":12},"end":{"line":16,"column":48}}},"branchMap":{}},"/Users/scott/repos/sqiggl-js/src/lexers/expression.lexer.js":{"path":"/Users/scott/repos/sqiggl-js/src/lexers/expression.lexer.js","s":{"1":1,"2":1,"3":1,"4":227,"5":227,"6":1,"7":227,"8":227,"9":1264,"10":1264,"11":1264,"12":1264,"13":1264,"14":1264,"15":1264,"16":1264,"17":1264,"18":1264,"19":5671,"20":5671,"21":2,"22":2,"23":2,"24":5669,"25":2,"26":2,"27":2,"28":5667,"29":1496,"30":1496,"31":4171,"32":1539,"33":0,"34":0,"35":1539,"36":1539,"37":2632,"38":1299,"39":1299,"40":837,"41":837,"42":0,"43":837,"44":462,"45":462,"46":462,"47":93,"48":369,"49":462,"50":1333,"51":13,"52":1333,"53":1037,"54":1037,"55":296,"56":110,"57":110,"58":0,"59":186,"60":296,"61":3797,"62":0,"63":1264,"64":227,"65":2,"66":227,"67":2,"68":227,"69":227,"70":656,"71":227,"72":656,"73":227,"74":227,"75":0,"76":227,"77":0,"78":1,"79":1299,"80":1299,"81":1299,"82":1299,"83":1299,"84":1299,"85":2039,"86":2039,"87":462,"88":837,"89":1,"90":227,"91":40,"92":40,"93":40,"94":40,"95":40,"96":40,"97":40,"98":40,"99":227,"100":199,"101":199,"102":199,"103":199,"104":1,"105":1},"b":{"1":[2,5669],"2":[2,5667],"3":[1496,4171],"4":[1539,2632],"5":[0,1539],"6":[1299,1333],"7":[837,462],"8":[0,837],"9":[93,369],"10":[13,1320],"11":[1333,13],"12":[1037,296],"13":[110,186],"14":[0,110],"15":[0,3797],"16":[227,1037],"17":[2,225],"18":[2,225],"19":[0,227],"20":[462,1577],"21":[2039,1592],"22":[40,0],"23":[40,0],"24":[0,40],"25":[199,0]},"f":{"1":1,"2":227,"3":227,"4":656,"5":656,"6":1299,"7":227,"8":40,"9":199},"fnMap":{"1":{"name":"(anonymous_1)","line":7,"loc":{"start":{"line":7,"column":23},"end":{"line":7,"column":35}}},"2":{"name":"ExpressionLexer","line":15,"loc":{"start":{"line":15,"column":4},"end":{"line":15,"column":51}}},"3":{"name":"(anonymous_3)","line":88,"loc":{"start":{"line":88,"column":39},"end":{"line":88,"column":61}}},"4":{"name":"(anonymous_4)","line":189,"loc":{"start":{"line":189,"column":42},"end":{"line":189,"column":55}}},"5":{"name":"(anonymous_5)","line":190,"loc":{"start":{"line":190,"column":74},"end":{"line":190,"column":87}}},"6":{"name":"(anonymous_6)","line":211,"loc":{"start":{"line":211,"column":55},"end":{"line":211,"column":78}}},"7":{"name":"(anonymous_7)","line":240,"loc":{"start":{"line":240,"column":56},"end":{"line":240,"column":75}}},"8":{"name":"(anonymous_8)","line":241,"loc":{"start":{"line":241,"column":31},"end":{"line":241,"column":47}}},"9":{"name":"(anonymous_9)","line":253,"loc":{"start":{"line":253,"column":27},"end":{"line":253,"column":40}}}},"statementMap":{"1":{"start":{"line":1,"column":0},"end":{"line":1,"column":46}},"2":{"start":{"line":7,"column":0},"end":{"line":262,"column":5}},"3":{"start":{"line":15,"column":4},"end":{"line":18,"column":5}},"4":{"start":{"line":16,"column":8},"end":{"line":16,"column":31}},"5":{"start":{"line":17,"column":8},"end":{"line":17,"column":39}},"6":{"start":{"line":88,"column":4},"end":{"line":198,"column":6}},"7":{"start":{"line":89,"column":8},"end":{"line":89,"column":126}},"8":{"start":{"line":90,"column":8},"end":{"line":193,"column":9}},"9":{"start":{"line":91,"column":12},"end":{"line":91,"column":32}},"10":{"start":{"line":93,"column":12},"end":{"line":93,"column":21}},"11":{"start":{"line":94,"column":12},"end":{"line":94,"column":21}},"12":{"start":{"line":95,"column":12},"end":{"line":95,"column":27}},"13":{"start":{"line":96,"column":12},"end":{"line":96,"column":37}},"14":{"start":{"line":97,"column":12},"end":{"line":97,"column":35}},"15":{"start":{"line":98,"column":12},"end":{"line":98,"column":33}},"16":{"start":{"line":99,"column":12},"end":{"line":99,"column":26}},"17":{"start":{"line":100,"column":12},"end":{"line":100,"column":25}},"18":{"start":{"line":101,"column":12},"end":{"line":180,"column":13}},"19":{"start":{"line":102,"column":16},"end":{"line":102,"column":54}},"20":{"start":{"line":103,"column":16},"end":{"line":177,"column":17}},"21":{"start":{"line":105,"column":20},"end":{"line":105,"column":48}},"22":{"start":{"line":107,"column":20},"end":{"line":107,"column":42}},"23":{"start":{"line":108,"column":20},"end":{"line":108,"column":27}},"24":{"start":{"line":110,"column":21},"end":{"line":177,"column":17}},"25":{"start":{"line":112,"column":20},"end":{"line":112,"column":41}},"26":{"start":{"line":114,"column":20},"end":{"line":114,"column":42}},"27":{"start":{"line":115,"column":20},"end":{"line":115,"column":27}},"28":{"start":{"line":117,"column":21},"end":{"line":177,"column":17}},"29":{"start":{"line":119,"column":20},"end":{"line":119,"column":27}},"30":{"start":{"line":120,"column":20},"end":{"line":120,"column":27}},"31":{"start":{"line":122,"column":21},"end":{"line":177,"column":17}},"32":{"start":{"line":123,"column":20},"end":{"line":127,"column":21}},"33":{"start":{"line":125,"column":24},"end":{"line":125,"column":40}},"34":{"start":{"line":126,"column":24},"end":{"line":126,"column":30}},"35":{"start":{"line":129,"column":20},"end":{"line":129,"column":42}},"36":{"start":{"line":130,"column":20},"end":{"line":130,"column":27}},"37":{"start":{"line":132,"column":21},"end":{"line":177,"column":17}},"38":{"start":{"line":133,"column":20},"end":{"line":133,"column":123}},"39":{"start":{"line":134,"column":20},"end":{"line":140,"column":21}},"40":{"start":{"line":135,"column":24},"end":{"line":135,"column":31}},"41":{"start":{"line":137,"column":24},"end":{"line":138,"column":35}},"42":{"start":{"line":138,"column":28},"end":{"line":138,"column":35}},"43":{"start":{"line":139,"column":24},"end":{"line":139,"column":33}},"44":{"start":{"line":142,"column":20},"end":{"line":142,"column":59}},"45":{"start":{"line":143,"column":20},"end":{"line":143,"column":27}},"46":{"start":{"line":144,"column":20},"end":{"line":151,"column":21}},"47":{"start":{"line":146,"column":24},"end":{"line":146,"column":46}},"48":{"start":{"line":150,"column":24},"end":{"line":150,"column":89}},"49":{"start":{"line":152,"column":20},"end":{"line":152,"column":27}},"50":{"start":{"line":155,"column":20},"end":{"line":158,"column":21}},"51":{"start":{"line":157,"column":24},"end":{"line":157,"column":46}},"52":{"start":{"line":160,"column":20},"end":{"line":164,"column":21}},"53":{"start":{"line":162,"column":24},"end":{"line":162,"column":40}},"54":{"start":{"line":163,"column":24},"end":{"line":163,"column":30}},"55":{"start":{"line":165,"column":20},"end":{"line":175,"column":21}},"56":{"start":{"line":167,"column":24},"end":{"line":167,"column":99}},"57":{"start":{"line":169,"column":24},"end":{"line":170,"column":50}},"58":{"start":{"line":170,"column":28},"end":{"line":170,"column":50}},"59":{"start":{"line":174,"column":24},"end":{"line":174,"column":46}},"60":{"start":{"line":176,"column":20},"end":{"line":176,"column":27}},"61":{"start":{"line":178,"column":16},"end":{"line":179,"column":55}},"62":{"start":{"line":179,"column":20},"end":{"line":179,"column":55}},"63":{"start":{"line":181,"column":12},"end":{"line":192,"column":13}},"64":{"start":{"line":183,"column":16},"end":{"line":184,"column":46}},"65":{"start":{"line":184,"column":20},"end":{"line":184,"column":46}},"66":{"start":{"line":186,"column":16},"end":{"line":187,"column":40}},"67":{"start":{"line":187,"column":20},"end":{"line":187,"column":40}},"68":{"start":{"line":188,"column":16},"end":{"line":188,"column":44}},"69":{"start":{"line":189,"column":16},"end":{"line":189,"column":90}},"70":{"start":{"line":189,"column":57},"end":{"line":189,"column":86}},"71":{"start":{"line":190,"column":16},"end":{"line":190,"column":123}},"72":{"start":{"line":190,"column":89},"end":{"line":190,"column":118}},"73":{"start":{"line":191,"column":16},"end":{"line":191,"column":22}},"74":{"start":{"line":194,"column":8},"end":{"line":195,"column":113}},"75":{"start":{"line":195,"column":12},"end":{"line":195,"column":113}},"76":{"start":{"line":196,"column":8},"end":{"line":196,"column":19}},"77":{"start":{"line":197,"column":8},"end":{"line":197,"column":15}},"78":{"start":{"line":211,"column":4},"end":{"line":227,"column":6}},"79":{"start":{"line":212,"column":8},"end":{"line":212,"column":33}},"80":{"start":{"line":213,"column":8},"end":{"line":225,"column":9}},"81":{"start":{"line":214,"column":12},"end":{"line":214,"column":28}},"82":{"start":{"line":215,"column":12},"end":{"line":224,"column":13}},"83":{"start":{"line":216,"column":16},"end":{"line":216,"column":29}},"84":{"start":{"line":217,"column":16},"end":{"line":223,"column":17}},"85":{"start":{"line":218,"column":20},"end":{"line":218,"column":40}},"86":{"start":{"line":219,"column":20},"end":{"line":222,"column":21}},"87":{"start":{"line":221,"column":24},"end":{"line":221,"column":49}},"88":{"start":{"line":226,"column":8},"end":{"line":226,"column":28}},"89":{"start":{"line":240,"column":4},"end":{"line":260,"column":6}},"90":{"start":{"line":241,"column":8},"end":{"line":252,"column":11}},"91":{"start":{"line":242,"column":12},"end":{"line":242,"column":32}},"92":{"start":{"line":243,"column":12},"end":{"line":246,"column":13}},"93":{"start":{"line":244,"column":16},"end":{"line":245,"column":41}},"94":{"start":{"line":245,"column":20},"end":{"line":245,"column":41}},"95":{"start":{"line":247,"column":12},"end":{"line":250,"column":13}},"96":{"start":{"line":248,"column":16},"end":{"line":249,"column":41}},"97":{"start":{"line":249,"column":20},"end":{"line":249,"column":41}},"98":{"start":{"line":251,"column":12},"end":{"line":251,"column":40}},"99":{"start":{"line":253,"column":8},"end":{"line":259,"column":11}},"100":{"start":{"line":254,"column":12},"end":{"line":254,"column":20}},"101":{"start":{"line":255,"column":12},"end":{"line":258,"column":13}},"102":{"start":{"line":256,"column":16},"end":{"line":257,"column":34}},"103":{"start":{"line":257,"column":20},"end":{"line":257,"column":34}},"104":{"start":{"line":261,"column":4},"end":{"line":261,"column":27}},"105":{"start":{"line":263,"column":0},"end":{"line":263,"column":42}}},"branchMap":{"1":{"line":103,"type":"if","locations":[{"start":{"line":103,"column":16},"end":{"line":103,"column":16}},{"start":{"line":103,"column":16},"end":{"line":103,"column":16}}]},"2":{"line":110,"type":"if","locations":[{"start":{"line":110,"column":21},"end":{"line":110,"column":21}},{"start":{"line":110,"column":21},"end":{"line":110,"column":21}}]},"3":{"line":117,"type":"if","locations":[{"start":{"line":117,"column":21},"end":{"line":117,"column":21}},{"start":{"line":117,"column":21},"end":{"line":117,"column":21}}]},"4":{"line":122,"type":"if","locations":[{"start":{"line":122,"column":21},"end":{"line":122,"column":21}},{"start":{"line":122,"column":21},"end":{"line":122,"column":21}}]},"5":{"line":123,"type":"if","locations":[{"start":{"line":123,"column":20},"end":{"line":123,"column":20}},{"start":{"line":123,"column":20},"end":{"line":123,"column":20}}]},"6":{"line":132,"type":"if","locations":[{"start":{"line":132,"column":21},"end":{"line":132,"column":21}},{"start":{"line":132,"column":21},"end":{"line":132,"column":21}}]},"7":{"line":134,"type":"if","locations":[{"start":{"line":134,"column":20},"end":{"line":134,"column":20}},{"start":{"line":134,"column":20},"end":{"line":134,"column":20}}]},"8":{"line":137,"type":"if","locations":[{"start":{"line":137,"column":24},"end":{"line":137,"column":24}},{"start":{"line":137,"column":24},"end":{"line":137,"column":24}}]},"9":{"line":144,"type":"if","locations":[{"start":{"line":144,"column":20},"end":{"line":144,"column":20}},{"start":{"line":144,"column":20},"end":{"line":144,"column":20}}]},"10":{"line":155,"type":"if","locations":[{"start":{"line":155,"column":20},"end":{"line":155,"column":20}},{"start":{"line":155,"column":20},"end":{"line":155,"column":20}}]},"11":{"line":155,"type":"binary-expr","locations":[{"start":{"line":155,"column":24},"end":{"line":155,"column":59}},{"start":{"line":155,"column":63},"end":{"line":155,"column":107}}]},"12":{"line":160,"type":"if","locations":[{"start":{"line":160,"column":20},"end":{"line":160,"column":20}},{"start":{"line":160,"column":20},"end":{"line":160,"column":20}}]},"13":{"line":165,"type":"if","locations":[{"start":{"line":165,"column":20},"end":{"line":165,"column":20}},{"start":{"line":165,"column":20},"end":{"line":165,"column":20}}]},"14":{"line":169,"type":"if","locations":[{"start":{"line":169,"column":24},"end":{"line":169,"column":24}},{"start":{"line":169,"column":24},"end":{"line":169,"column":24}}]},"15":{"line":178,"type":"if","locations":[{"start":{"line":178,"column":16},"end":{"line":178,"column":16}},{"start":{"line":178,"column":16},"end":{"line":178,"column":16}}]},"16":{"line":181,"type":"if","locations":[{"start":{"line":181,"column":12},"end":{"line":181,"column":12}},{"start":{"line":181,"column":12},"end":{"line":181,"column":12}}]},"17":{"line":183,"type":"if","locations":[{"start":{"line":183,"column":16},"end":{"line":183,"column":16}},{"start":{"line":183,"column":16},"end":{"line":183,"column":16}}]},"18":{"line":186,"type":"if","locations":[{"start":{"line":186,"column":16},"end":{"line":186,"column":16}},{"start":{"line":186,"column":16},"end":{"line":186,"column":16}}]},"19":{"line":194,"type":"if","locations":[{"start":{"line":194,"column":8},"end":{"line":194,"column":8}},{"start":{"line":194,"column":8},"end":{"line":194,"column":8}}]},"20":{"line":219,"type":"if","locations":[{"start":{"line":219,"column":20},"end":{"line":219,"column":20}},{"start":{"line":219,"column":20},"end":{"line":219,"column":20}}]},"21":{"line":219,"type":"binary-expr","locations":[{"start":{"line":219,"column":24},"end":{"line":219,"column":56}},{"start":{"line":219,"column":60},"end":{"line":219,"column":107}}]},"22":{"line":244,"type":"if","locations":[{"start":{"line":244,"column":16},"end":{"line":244,"column":16}},{"start":{"line":244,"column":16},"end":{"line":244,"column":16}}]},"23":{"line":248,"type":"if","locations":[{"start":{"line":248,"column":16},"end":{"line":248,"column":16}},{"start":{"line":248,"column":16},"end":{"line":248,"column":16}}]},"24":{"line":251,"type":"cond-expr","locations":[{"start":{"line":251,"column":33},"end":{"line":251,"column":35}},{"start":{"line":251,"column":38},"end":{"line":251,"column":39}}]},"25":{"line":256,"type":"if","locations":[{"start":{"line":256,"column":16},"end":{"line":256,"column":16}},{"start":{"line":256,"column":16},"end":{"line":256,"column":16}}]}}},"/Users/scott/repos/sqiggl-js/src/lexer.js":{"path":"/Users/scott/repos/sqiggl-js/src/lexer.js","s":{"1":1,"2":1,"3":1,"4":1,"5":1,"6":1,"7":1,"8":1,"9":1,"10":1,"11":254,"12":252,"13":254,"14":254,"15":1,"16":254,"17":2032,"18":2032,"19":254,"20":1,"21":254,"22":254,"23":2032,"24":2032,"25":1778,"26":254,"27":1524,"28":0,"29":254,"30":1,"31":254,"32":254,"33":254,"34":254,"35":254,"36":1,"37":254,"38":0,"39":254,"40":0,"41":254,"42":0,"43":254,"44":1,"45":254,"46":254,"47":254,"48":254,"49":1,"50":254,"51":254,"52":26535,"53":902,"54":884,"55":902,"56":663,"57":663,"58":663,"59":4,"60":4,"61":4,"62":6,"63":6,"64":6,"65":229,"66":229,"67":902,"68":902,"69":901,"70":901,"71":901,"72":901,"73":901,"74":901,"75":24732,"76":254,"77":220,"78":254,"79":1,"80":2005,"81":1103,"82":6,"83":6,"84":229,"85":229,"86":663,"87":663,"88":4,"89":0,"90":1,"91":254,"92":254,"93":2005,"94":2005,"95":663,"96":437,"97":437,"98":0,"99":437,"100":218,"101":226,"102":1342,"103":254,"104":1,"105":691,"106":691,"107":691,"108":2005,"109":437,"110":3282,"111":437,"112":2005,"113":691,"114":2005,"115":1,"116":892,"117":892,"118":892,"119":1605,"120":1605,"121":1605,"122":713,"123":713,"124":892,"125":1,"126":1605,"127":1605,"128":53,"129":1552,"130":1552,"131":1,"132":53,"133":53,"134":359,"135":0,"136":0,"137":0,"138":0,"139":53,"140":306,"141":0,"142":1,"143":1},"b":{"1":[252,2],"2":[2032,2030],"3":[1778,254],"4":[0,1524],"5":[254,0],"6":[0,254],"7":[0,254],"8":[0,254],"9":[902,901,24732],"10":[884,18],"11":[663,4,6,229],"12":[901,0],"13":[220,34],"14":[1103,6,229,663,4,0],"15":[663,1342],"16":[2005,663],"17":[437,226],"18":[0,437],"19":[218,219],"20":[437,1568],"21":[713,892],"22":[53,1552],"23":[1605,1552],"24":[712,840],"25":[0,53,306],"26":[0,0],"27":[0,0]},"f":{"1":1,"2":254,"3":254,"4":254,"5":254,"6":254,"7":254,"8":254,"9":2005,"10":254,"11":691,"12":3282,"13":2005,"14":892,"15":1605,"16":53},"fnMap":{"1":{"name":"(anonymous_1)","line":26,"loc":{"start":{"line":26,"column":13},"end":{"line":26,"column":25}}},"2":{"name":"Lexer","line":33,"loc":{"start":{"line":33,"column":4},"end":{"line":33,"column":28}}},"3":{"name":"(anonymous_3)","line":48,"loc":{"start":{"line":48,"column":33},"end":{"line":48,"column":52}}},"4":{"name":"(anonymous_4)","line":63,"loc":{"start":{"line":63,"column":38},"end":{"line":63,"column":57}}},"5":{"name":"(anonymous_5)","line":84,"loc":{"start":{"line":84,"column":34},"end":{"line":84,"column":53}}},"6":{"name":"(anonymous_6)","line":99,"loc":{"start":{"line":99,"column":37},"end":{"line":99,"column":56}}},"7":{"name":"(anonymous_7)","line":117,"loc":{"start":{"line":117,"column":28},"end":{"line":117,"column":45}}},"8":{"name":"(anonymous_8)","line":133,"loc":{"start":{"line":133,"column":31},"end":{"line":133,"column":48}}},"9":{"name":"(anonymous_9)","line":181,"loc":{"start":{"line":181,"column":34},"end":{"line":181,"column":57}}},"10":{"name":"(anonymous_10)","line":213,"loc":{"start":{"line":213,"column":31},"end":{"line":213,"column":47}}},"11":{"name":"(anonymous_11)","line":248,"loc":{"start":{"line":248,"column":31},"end":{"line":248,"column":53}}},"12":{"name":"(anonymous_12)","line":253,"loc":{"start":{"line":253,"column":51},"end":{"line":253,"column":64}}},"13":{"name":"(anonymous_13)","line":258,"loc":{"start":{"line":258,"column":30},"end":{"line":258,"column":43}}},"14":{"name":"(anonymous_14)","line":267,"loc":{"start":{"line":267,"column":35},"end":{"line":267,"column":52}}},"15":{"name":"(anonymous_15)","line":287,"loc":{"start":{"line":287,"column":34},"end":{"line":287,"column":58}}},"16":{"name":"(anonymous_16)","line":305,"loc":{"start":{"line":305,"column":36},"end":{"line":305,"column":72}}}},"statementMap":{"1":{"start":{"line":1,"column":0},"end":{"line":1,"column":29}},"2":{"start":{"line":2,"column":0},"end":{"line":2,"column":37}},"3":{"start":{"line":3,"column":0},"end":{"line":3,"column":45}},"4":{"start":{"line":4,"column":0},"end":{"line":4,"column":41}},"5":{"start":{"line":5,"column":0},"end":{"line":5,"column":58}},"6":{"start":{"line":6,"column":0},"end":{"line":6,"column":64}},"7":{"start":{"line":7,"column":0},"end":{"line":7,"column":56}},"8":{"start":{"line":8,"column":0},"end":{"line":17,"column":2}},"9":{"start":{"line":26,"column":0},"end":{"line":326,"column":5}},"10":{"start":{"line":33,"column":4},"end":{"line":40,"column":5}},"11":{"start":{"line":34,"column":8},"end":{"line":34,"column":49}},"12":{"start":{"line":34,"column":34},"end":{"line":34,"column":47}},"13":{"start":{"line":35,"column":8},"end":{"line":35,"column":31}},"14":{"start":{"line":36,"column":8},"end":{"line":39,"column":42}},"15":{"start":{"line":48,"column":4},"end":{"line":54,"column":6}},"16":{"start":{"line":49,"column":8},"end":{"line":52,"column":9}},"17":{"start":{"line":50,"column":12},"end":{"line":50,"column":29}},"18":{"start":{"line":51,"column":12},"end":{"line":51,"column":83}},"19":{"start":{"line":53,"column":8},"end":{"line":53,"column":20}},"20":{"start":{"line":63,"column":4},"end":{"line":75,"column":6}},"21":{"start":{"line":64,"column":8},"end":{"line":64,"column":23}},"22":{"start":{"line":65,"column":8},"end":{"line":69,"column":9}},"23":{"start":{"line":66,"column":12},"end":{"line":66,"column":29}},"24":{"start":{"line":67,"column":12},"end":{"line":68,"column":41}},"25":{"start":{"line":68,"column":16},"end":{"line":68,"column":41}},"26":{"start":{"line":70,"column":8},"end":{"line":73,"column":9}},"27":{"start":{"line":71,"column":12},"end":{"line":72,"column":102}},"28":{"start":{"line":72,"column":16},"end":{"line":72,"column":102}},"29":{"start":{"line":74,"column":8},"end":{"line":74,"column":20}},"30":{"start":{"line":84,"column":4},"end":{"line":91,"column":6}},"31":{"start":{"line":85,"column":8},"end":{"line":89,"column":9}},"32":{"start":{"line":86,"column":12},"end":{"line":86,"column":50}},"33":{"start":{"line":87,"column":12},"end":{"line":87,"column":62}},"34":{"start":{"line":88,"column":12},"end":{"line":88,"column":56}},"35":{"start":{"line":90,"column":8},"end":{"line":90,"column":20}},"36":{"start":{"line":99,"column":4},"end":{"line":107,"column":6}},"37":{"start":{"line":100,"column":8},"end":{"line":101,"column":70}},"38":{"start":{"line":101,"column":12},"end":{"line":101,"column":70}},"39":{"start":{"line":102,"column":8},"end":{"line":103,"column":82}},"40":{"start":{"line":103,"column":12},"end":{"line":103,"column":82}},"41":{"start":{"line":104,"column":8},"end":{"line":105,"column":76}},"42":{"start":{"line":105,"column":12},"end":{"line":105,"column":76}},"43":{"start":{"line":106,"column":8},"end":{"line":106,"column":20}},"44":{"start":{"line":117,"column":4},"end":{"line":123,"column":6}},"45":{"start":{"line":118,"column":8},"end":{"line":118,"column":39}},"46":{"start":{"line":119,"column":8},"end":{"line":119,"column":44}},"47":{"start":{"line":120,"column":8},"end":{"line":120,"column":40}},"48":{"start":{"line":122,"column":8},"end":{"line":122,"column":19}},"49":{"start":{"line":133,"column":4},"end":{"line":174,"column":6}},"50":{"start":{"line":134,"column":8},"end":{"line":134,"column":78}},"51":{"start":{"line":135,"column":8},"end":{"line":169,"column":9}},"52":{"start":{"line":136,"column":12},"end":{"line":168,"column":13}},"53":{"start":{"line":138,"column":20},"end":{"line":139,"column":92}},"54":{"start":{"line":139,"column":24},"end":{"line":139,"column":92}},"55":{"start":{"line":140,"column":20},"end":{"line":156,"column":21}},"56":{"start":{"line":142,"column":28},"end":{"line":142,"column":37}},"57":{"start":{"line":143,"column":28},"end":{"line":143,"column":64}},"58":{"start":{"line":144,"column":28},"end":{"line":144,"column":34}},"59":{"start":{"line":146,"column":28},"end":{"line":146,"column":37}},"60":{"start":{"line":147,"column":28},"end":{"line":147,"column":64}},"61":{"start":{"line":148,"column":28},"end":{"line":148,"column":34}},"62":{"start":{"line":150,"column":28},"end":{"line":150,"column":37}},"63":{"start":{"line":151,"column":28},"end":{"line":151,"column":65}},"64":{"start":{"line":152,"column":28},"end":{"line":152,"column":34}},"65":{"start":{"line":154,"column":28},"end":{"line":154,"column":34}},"66":{"start":{"line":155,"column":28},"end":{"line":155,"column":68}},"67":{"start":{"line":157,"column":20},"end":{"line":157,"column":35}},"68":{"start":{"line":158,"column":20},"end":{"line":158,"column":26}},"69":{"start":{"line":160,"column":20},"end":{"line":161,"column":92}},"70":{"start":{"line":161,"column":24},"end":{"line":161,"column":92}},"71":{"start":{"line":162,"column":20},"end":{"line":162,"column":26}},"72":{"start":{"line":163,"column":20},"end":{"line":163,"column":35}},"73":{"start":{"line":164,"column":20},"end":{"line":164,"column":53}},"74":{"start":{"line":165,"column":20},"end":{"line":165,"column":26}},"75":{"start":{"line":167,"column":20},"end":{"line":167,"column":26}},"76":{"start":{"line":170,"column":8},"end":{"line":171,"column":75}},"77":{"start":{"line":171,"column":12},"end":{"line":171,"column":75}},"78":{"start":{"line":173,"column":8},"end":{"line":173,"column":19}},"79":{"start":{"line":181,"column":4},"end":{"line":199,"column":6}},"80":{"start":{"line":182,"column":8},"end":{"line":198,"column":9}},"81":{"start":{"line":184,"column":16},"end":{"line":184,"column":39}},"82":{"start":{"line":186,"column":16},"end":{"line":186,"column":83}},"83":{"start":{"line":187,"column":16},"end":{"line":187,"column":100}},"84":{"start":{"line":189,"column":16},"end":{"line":189,"column":89}},"85":{"start":{"line":190,"column":16},"end":{"line":190,"column":153}},"86":{"start":{"line":192,"column":16},"end":{"line":192,"column":81}},"87":{"start":{"line":193,"column":16},"end":{"line":193,"column":155}},"88":{"start":{"line":195,"column":16},"end":{"line":195,"column":49}},"89":{"start":{"line":197,"column":16},"end":{"line":197,"column":76}},"90":{"start":{"line":213,"column":4},"end":{"line":234,"column":6}},"91":{"start":{"line":214,"column":8},"end":{"line":214,"column":47}},"92":{"start":{"line":215,"column":8},"end":{"line":232,"column":9}},"93":{"start":{"line":216,"column":12},"end":{"line":216,"column":27}},"94":{"start":{"line":217,"column":12},"end":{"line":231,"column":13}},"95":{"start":{"line":218,"column":16},"end":{"line":227,"column":17}},"96":{"start":{"line":219,"column":20},"end":{"line":219,"column":69}},"97":{"start":{"line":220,"column":20},"end":{"line":221,"column":99}},"98":{"start":{"line":221,"column":24},"end":{"line":221,"column":99}},"99":{"start":{"line":222,"column":20},"end":{"line":223,"column":39}},"100":{"start":{"line":223,"column":24},"end":{"line":223,"column":39}},"101":{"start":{"line":226,"column":20},"end":{"line":226,"column":69}},"102":{"start":{"line":230,"column":16},"end":{"line":230,"column":63}},"103":{"start":{"line":233,"column":8},"end":{"line":233,"column":22}},"104":{"start":{"line":248,"column":4},"end":{"line":259,"column":6}},"105":{"start":{"line":249,"column":8},"end":{"line":249,"column":47}},"106":{"start":{"line":250,"column":8},"end":{"line":250,"column":20}},"107":{"start":{"line":251,"column":8},"end":{"line":257,"column":9}},"108":{"start":{"line":252,"column":12},"end":{"line":255,"column":13}},"109":{"start":{"line":253,"column":16},"end":{"line":253,"column":118}},"110":{"start":{"line":253,"column":66},"end":{"line":253,"column":81}},"111":{"start":{"line":254,"column":16},"end":{"line":254,"column":101}},"112":{"start":{"line":256,"column":12},"end":{"line":256,"column":18}},"113":{"start":{"line":258,"column":8},"end":{"line":258,"column":62}},"114":{"start":{"line":258,"column":45},"end":{"line":258,"column":58}},"115":{"start":{"line":267,"column":4},"end":{"line":279,"column":6}},"116":{"start":{"line":268,"column":8},"end":{"line":268,"column":32}},"117":{"start":{"line":269,"column":8},"end":{"line":269,"column":21}},"118":{"start":{"line":270,"column":8},"end":{"line":277,"column":9}},"119":{"start":{"line":271,"column":12},"end":{"line":271,"column":53}},"120":{"start":{"line":272,"column":12},"end":{"line":272,"column":50}},"121":{"start":{"line":273,"column":12},"end":{"line":276,"column":13}},"122":{"start":{"line":274,"column":16},"end":{"line":274,"column":48}},"123":{"start":{"line":275,"column":16},"end":{"line":275,"column":22}},"124":{"start":{"line":278,"column":8},"end":{"line":278,"column":21}},"125":{"start":{"line":287,"column":4},"end":{"line":296,"column":6}},"126":{"start":{"line":288,"column":8},"end":{"line":288,"column":22}},"127":{"start":{"line":289,"column":8},"end":{"line":295,"column":9}},"128":{"start":{"line":290,"column":12},"end":{"line":290,"column":66}},"129":{"start":{"line":293,"column":12},"end":{"line":293,"column":50}},"130":{"start":{"line":294,"column":12},"end":{"line":294,"column":80}},"131":{"start":{"line":305,"column":4},"end":{"line":324,"column":6}},"132":{"start":{"line":306,"column":8},"end":{"line":306,"column":28}},"133":{"start":{"line":307,"column":8},"end":{"line":322,"column":9}},"134":{"start":{"line":308,"column":12},"end":{"line":321,"column":13}},"135":{"start":{"line":310,"column":20},"end":{"line":315,"column":21}},"136":{"start":{"line":311,"column":24},"end":{"line":311,"column":33}},"137":{"start":{"line":314,"column":24},"end":{"line":314,"column":132}},"138":{"start":{"line":316,"column":20},"end":{"line":316,"column":26}},"139":{"start":{"line":318,"column":20},"end":{"line":318,"column":55}},"140":{"start":{"line":320,"column":20},"end":{"line":320,"column":26}},"141":{"start":{"line":323,"column":8},"end":{"line":323,"column":78}},"142":{"start":{"line":325,"column":4},"end":{"line":325,"column":17}},"143":{"start":{"line":327,"column":0},"end":{"line":327,"column":22}}},"branchMap":{"1":{"line":34,"type":"if","locations":[{"start":{"line":34,"column":8},"end":{"line":34,"column":8}},{"start":{"line":34,"column":8},"end":{"line":34,"column":8}}]},"2":{"line":51,"type":"binary-expr","locations":[{"start":{"line":51,"column":32},"end":{"line":51,"column":44}},{"start":{"line":51,"column":48},"end":{"line":51,"column":82}}]},"3":{"line":67,"type":"if","locations":[{"start":{"line":67,"column":12},"end":{"line":67,"column":12}},{"start":{"line":67,"column":12},"end":{"line":67,"column":12}}]},"4":{"line":71,"type":"if","locations":[{"start":{"line":71,"column":12},"end":{"line":71,"column":12}},{"start":{"line":71,"column":12},"end":{"line":71,"column":12}}]},"5":{"line":85,"type":"if","locations":[{"start":{"line":85,"column":8},"end":{"line":85,"column":8}},{"start":{"line":85,"column":8},"end":{"line":85,"column":8}}]},"6":{"line":100,"type":"if","locations":[{"start":{"line":100,"column":8},"end":{"line":100,"column":8}},{"start":{"line":100,"column":8},"end":{"line":100,"column":8}}]},"7":{"line":102,"type":"if","locations":[{"start":{"line":102,"column":8},"end":{"line":102,"column":8}},{"start":{"line":102,"column":8},"end":{"line":102,"column":8}}]},"8":{"line":104,"type":"if","locations":[{"start":{"line":104,"column":8},"end":{"line":104,"column":8}},{"start":{"line":104,"column":8},"end":{"line":104,"column":8}}]},"9":{"line":136,"type":"switch","locations":[{"start":{"line":137,"column":16},"end":{"line":158,"column":26}},{"start":{"line":159,"column":16},"end":{"line":165,"column":26}},{"start":{"line":166,"column":16},"end":{"line":167,"column":26}}]},"10":{"line":138,"type":"if","locations":[{"start":{"line":138,"column":20},"end":{"line":138,"column":20}},{"start":{"line":138,"column":20},"end":{"line":138,"column":20}}]},"11":{"line":140,"type":"switch","locations":[{"start":{"line":141,"column":24},"end":{"line":144,"column":34}},{"start":{"line":145,"column":24},"end":{"line":148,"column":34}},{"start":{"line":149,"column":24},"end":{"line":152,"column":34}},{"start":{"line":153,"column":24},"end":{"line":155,"column":68}}]},"12":{"line":160,"type":"if","locations":[{"start":{"line":160,"column":20},"end":{"line":160,"column":20}},{"start":{"line":160,"column":20},"end":{"line":160,"column":20}}]},"13":{"line":170,"type":"if","locations":[{"start":{"line":170,"column":8},"end":{"line":170,"column":8}},{"start":{"line":170,"column":8},"end":{"line":170,"column":8}}]},"14":{"line":182,"type":"switch","locations":[{"start":{"line":183,"column":12},"end":{"line":184,"column":39}},{"start":{"line":185,"column":12},"end":{"line":187,"column":100}},{"start":{"line":188,"column":12},"end":{"line":190,"column":153}},{"start":{"line":191,"column":12},"end":{"line":193,"column":155}},{"start":{"line":194,"column":12},"end":{"line":195,"column":49}},{"start":{"line":196,"column":12},"end":{"line":197,"column":76}}]},"15":{"line":217,"type":"if","locations":[{"start":{"line":217,"column":12},"end":{"line":217,"column":12}},{"start":{"line":217,"column":12},"end":{"line":217,"column":12}}]},"16":{"line":217,"type":"binary-expr","locations":[{"start":{"line":217,"column":16},"end":{"line":217,"column":27}},{"start":{"line":217,"column":31},"end":{"line":217,"column":49}}]},"17":{"line":218,"type":"if","locations":[{"start":{"line":218,"column":16},"end":{"line":218,"column":16}},{"start":{"line":218,"column":16},"end":{"line":218,"column":16}}]},"18":{"line":220,"type":"if","locations":[{"start":{"line":220,"column":20},"end":{"line":220,"column":20}},{"start":{"line":220,"column":20},"end":{"line":220,"column":20}}]},"19":{"line":222,"type":"if","locations":[{"start":{"line":222,"column":20},"end":{"line":222,"column":20}},{"start":{"line":222,"column":20},"end":{"line":222,"column":20}}]},"20":{"line":252,"type":"if","locations":[{"start":{"line":252,"column":12},"end":{"line":252,"column":12}},{"start":{"line":252,"column":12},"end":{"line":252,"column":12}}]},"21":{"line":273,"type":"if","locations":[{"start":{"line":273,"column":12},"end":{"line":273,"column":12}},{"start":{"line":273,"column":12},"end":{"line":273,"column":12}}]},"22":{"line":289,"type":"if","locations":[{"start":{"line":289,"column":8},"end":{"line":289,"column":8}},{"start":{"line":289,"column":8},"end":{"line":289,"column":8}}]},"23":{"line":289,"type":"binary-expr","locations":[{"start":{"line":289,"column":12},"end":{"line":289,"column":32}},{"start":{"line":289,"column":36},"end":{"line":289,"column":56}}]},"24":{"line":294,"type":"cond-expr","locations":[{"start":{"line":294,"column":54},"end":{"line":294,"column":63}},{"start":{"line":294,"column":66},"end":{"line":294,"column":78}}]},"25":{"line":308,"type":"switch","locations":[{"start":{"line":309,"column":16},"end":{"line":316,"column":26}},{"start":{"line":317,"column":16},"end":{"line":318,"column":55}},{"start":{"line":319,"column":16},"end":{"line":320,"column":26}}]},"26":{"line":310,"type":"if","locations":[{"start":{"line":310,"column":20},"end":{"line":310,"column":20}},{"start":{"line":310,"column":20},"end":{"line":310,"column":20}}]},"27":{"line":310,"type":"binary-expr","locations":[{"start":{"line":310,"column":24},"end":{"line":310,"column":72}},{"start":{"line":310,"column":76},"end":{"line":310,"column":105}}]}}},"/Users/scott/repos/sqiggl-js/src/dsl.js":{"path":"/Users/scott/repos/sqiggl-js/src/dsl.js","s":{"1":1,"2":1,"3":1,"4":1,"5":1,"6":1,"7":1,"8":1,"9":1,"10":1,"11":1},"b":{"1":[1,1],"2":[1,1]},"f":{"1":1,"2":1},"fnMap":{"1":{"name":"(anonymous_1)","line":1,"loc":{"start":{"line":1,"column":1},"end":{"line":1,"column":20}}},"2":{"name":"(anonymous_2)","line":9,"loc":{"start":{"line":9,"column":1},"end":{"line":9,"column":28}}}},"statementMap":{"1":{"start":{"line":1,"column":0},"
[...]
776,"column":77}},"571":{"start":{"line":777,"column":16},"end":{"line":777,"column":94}},"572":{"start":{"line":779,"column":12},"end":{"line":782,"column":15}},"573":{"start":{"line":780,"column":16},"end":{"line":780,"column":77}},"574":{"start":{"line":781,"column":16},"end":{"line":781,"column":93}},"575":{"start":{"line":784,"column":8},"end":{"line":798,"column":11}},"576":{"start":{"line":785,"column":12},"end":{"line":785,"column":153}},"577":{"start":{"line":786,"column":12},"end":{"line":789,"column":15}},"578":{"start":{"line":787,"column":16},"end":{"line":787,"column":80}},"579":{"start":{"line":788,"column":16},"end":{"line":788,"column":96}},"580":{"start":{"line":790,"column":12},"end":{"line":793,"column":15}},"581":{"start":{"line":791,"column":16},"end":{"line":791,"column":81}},"582":{"start":{"line":792,"column":16},"end":{"line":792,"column":94}},"583":{"start":{"line":794,"column":12},"end":{"line":797,"column":15}},"584":{"start":{"line":795,"column":16},"end":{"line":795,"column":82}},"585":{"start":{"line":796,"column":16},"end":{"line":796,"column":94}},"586":{"start":{"line":799,"column":8},"end":{"line":813,"column":11}},"587":{"start":{"line":800,"column":12},"end":{"line":800,"column":154}},"588":{"start":{"line":801,"column":12},"end":{"line":804,"column":15}},"589":{"start":{"line":802,"column":16},"end":{"line":802,"column":80}},"590":{"start":{"line":803,"column":16},"end":{"line":803,"column":96}},"591":{"start":{"line":805,"column":12},"end":{"line":808,"column":15}},"592":{"start":{"line":806,"column":16},"end":{"line":806,"column":81}},"593":{"start":{"line":807,"column":16},"end":{"line":807,"column":97}},"594":{"start":{"line":809,"column":12},"end":{"line":812,"column":15}},"595":{"start":{"line":810,"column":16},"end":{"line":810,"column":82}},"596":{"start":{"line":811,"column":16},"end":{"line":811,"column":94}},"597":{"start":{"line":814,"column":8},"end":{"line":828,"column":11}},"598":{"start":{"line":815,"column":12},"end":{"line":815,"column":154}},"599":{"start":{"line":816,"column":12},"end":{"line":819,"column":15}},"600":{"start":{"line":817,"column":16},"end":{"line":817,"column":80}},"601":{"start":{"line":818,"column":16},"end":{"line":818,"column":94}},"602":{"start":{"line":820,"column":12},"end":{"line":823,"column":15}},"603":{"start":{"line":821,"column":16},"end":{"line":821,"column":81}},"604":{"start":{"line":822,"column":16},"end":{"line":822,"column":97}},"605":{"start":{"line":824,"column":12},"end":{"line":827,"column":15}},"606":{"start":{"line":825,"column":16},"end":{"line":825,"column":82}},"607":{"start":{"line":826,"column":16},"end":{"line":826,"column":98}},"608":{"start":{"line":829,"column":8},"end":{"line":843,"column":11}},"609":{"start":{"line":830,"column":12},"end":{"line":830,"column":155}},"610":{"start":{"line":831,"column":12},"end":{"line":834,"column":15}},"611":{"start":{"line":832,"column":16},"end":{"line":832,"column":80}},"612":{"start":{"line":833,"column":16},"end":{"line":833,"column":94}},"613":{"start":{"line":835,"column":12},"end":{"line":838,"column":15}},"614":{"start":{"line":836,"column":16},"end":{"line":836,"column":81}},"615":{"start":{"line":837,"column":16},"end":{"line":837,"column":94}},"616":{"start":{"line":839,"column":12},"end":{"line":842,"column":15}},"617":{"start":{"line":840,"column":16},"end":{"line":840,"column":82}},"618":{"start":{"line":841,"column":16},"end":{"line":841,"column":98}},"619":{"start":{"line":844,"column":8},"end":{"line":858,"column":11}},"620":{"start":{"line":845,"column":12},"end":{"line":845,"column":153}},"621":{"start":{"line":846,"column":12},"end":{"line":849,"column":15}},"622":{"start":{"line":847,"column":16},"end":{"line":847,"column":82}},"623":{"start":{"line":848,"column":16},"end":{"line":848,"column":98}},"624":{"start":{"line":850,"column":12},"end":{"line":853,"column":15}},"625":{"start":{"line":851,"column":16},"end":{"line":851,"column":81}},"626":{"start":{"line":852,"column":16},"end":{"line":852,"column":94}},"627":{"start":{"line":854,"column":12},"end":{"line":857,"column":15}},"628":{"start":{"line":855,"column":16},"end":{"line":855,"column":80}},"629":{"start":{"line":856,"column":16},"end":{"line":856,"column":94}},"630":{"start":{"line":859,"column":8},"end":{"line":873,"column":11}},"631":{"start":{"line":860,"column":12},"end":{"line":860,"column":154}},"632":{"start":{"line":861,"column":12},"end":{"line":864,"column":15}},"633":{"start":{"line":862,"column":16},"end":{"line":862,"column":82}},"634":{"start":{"line":863,"column":16},"end":{"line":863,"column":98}},"635":{"start":{"line":865,"column":12},"end":{"line":868,"column":15}},"636":{"start":{"line":866,"column":16},"end":{"line":866,"column":81}},"637":{"start":{"line":867,"column":16},"end":{"line":867,"column":97}},"638":{"start":{"line":869,"column":12},"end":{"line":872,"column":15}},"639":{"start":{"line":870,"column":16},"end":{"line":870,"column":80}},"640":{"start":{"line":871,"column":16},"end":{"line":871,"column":94}},"641":{"start":{"line":874,"column":8},"end":{"line":888,"column":11}},"642":{"start":{"line":875,"column":12},"end":{"line":875,"column":154}},"643":{"start":{"line":876,"column":12},"end":{"line":879,"column":15}},"644":{"start":{"line":877,"column":16},"end":{"line":877,"column":82}},"645":{"start":{"line":878,"column":16},"end":{"line":878,"column":94}},"646":{"start":{"line":880,"column":12},"end":{"line":883,"column":15}},"647":{"start":{"line":881,"column":16},"end":{"line":881,"column":81}},"648":{"start":{"line":882,"column":16},"end":{"line":882,"column":97}},"649":{"start":{"line":884,"column":12},"end":{"line":887,"column":15}},"650":{"start":{"line":885,"column":16},"end":{"line":885,"column":80}},"651":{"start":{"line":886,"column":16},"end":{"line":886,"column":96}},"652":{"start":{"line":889,"column":8},"end":{"line":903,"column":11}},"653":{"start":{"line":890,"column":12},"end":{"line":890,"column":155}},"654":{"start":{"line":891,"column":12},"end":{"line":894,"column":15}},"655":{"start":{"line":892,"column":16},"end":{"line":892,"column":82}},"656":{"start":{"line":893,"column":16},"end":{"line":893,"column":94}},"657":{"start":{"line":895,"column":12},"end":{"line":898,"column":15}},"658":{"start":{"line":896,"column":16},"end":{"line":896,"column":81}},"659":{"start":{"line":897,"column":16},"end":{"line":897,"column":94}},"660":{"start":{"line":899,"column":12},"end":{"line":902,"column":15}},"661":{"start":{"line":900,"column":16},"end":{"line":900,"column":80}},"662":{"start":{"line":901,"column":16},"end":{"line":901,"column":96}},"663":{"start":{"line":904,"column":8},"end":{"line":918,"column":11}},"664":{"start":{"line":905,"column":12},"end":{"line":905,"column":146}},"665":{"start":{"line":906,"column":12},"end":{"line":909,"column":15}},"666":{"start":{"line":907,"column":16},"end":{"line":907,"column":82}},"667":{"start":{"line":908,"column":16},"end":{"line":908,"column":98}},"668":{"start":{"line":910,"column":12},"end":{"line":913,"column":15}},"669":{"start":{"line":911,"column":16},"end":{"line":911,"column":81}},"670":{"start":{"line":912,"column":16},"end":{"line":912,"column":94}},"671":{"start":{"line":914,"column":12},"end":{"line":917,"column":15}},"672":{"start":{"line":915,"column":16},"end":{"line":915,"column":78}},"673":{"start":{"line":916,"column":16},"end":{"line":916,"column":94}},"674":{"start":{"line":919,"column":8},"end":{"line":933,"column":11}},"675":{"start":{"line":920,"column":12},"end":{"line":920,"column":147}},"676":{"start":{"line":921,"column":12},"end":{"line":924,"column":15}},"677":{"start":{"line":922,"column":16},"end":{"line":922,"column":82}},"678":{"start":{"line":923,"column":16},"end":{"line":923,"column":98}},"679":{"start":{"line":925,"column":12},"end":{"line":928,"column":15}},"680":{"start":{"line":926,"column":16},"end":{"line":926,"column":81}},"681":{"start":{"line":927,"column":16},"end":{"line":927,"column":97}},"682":{"start":{"line":929,"column":12},"end":{"line":932,"column":15}},"683":{"start":{"line":930,"column":16},"end":{"line":930,"column":78}},"684":{"start":{"line":931,"column":16},"end":{"line":931,"column":94}},"685":{"start":{"line":934,"column":8},"end":{"line":948,"column":11}},"686":{"start":{"line":935,"column":12},"end":{"line":935,"column":147}},"687":{"start":{"line":936,"column":12},"end":{"line":939,"column":15}},"688":{"start":{"line":937,"column":16},"end":{"line":937,"column":82}},"689":{"start":{"line":938,"column":16},"end":{"line":938,"column":94}},"690":{"start":{"line":940,"column":12},"end":{"line":943,"column":15}},"691":{"start":{"line":941,"column":16},"end":{"line":941,"column":81}},"692":{"start":{"line":942,"column":16},"end":{"line":942,"column":97}},"693":{"start":{"line":944,"column":12},"end":{"line":947,"column":15}},"694":{"start":{"line":945,"column":16},"end":{"line":945,"column":78}},"695":{"start":{"line":946,"column":16},"end":{"line":946,"column":94}},"696":{"start":{"line":949,"column":8},"end":{"line":963,"column":11}},"697":{"start":{"line":950,"column":12},"end":{"line":950,"column":148}},"698":{"start":{"line":951,"column":12},"end":{"line":954,"column":15}},"699":{"start":{"line":952,"column":16},"end":{"line":952,"column":82}},"700":{"start":{"line":953,"column":16},"end":{"line":953,"column":94}},"701":{"start":{"line":955,"column":12},"end":{"line":958,"column":15}},"702":{"start":{"line":956,"column":16},"end":{"line":956,"column":81}},"703":{"start":{"line":957,"column":16},"end":{"line":957,"column":94}},"704":{"start":{"line":959,"column":12},"end":{"line":962,"column":15}},"705":{"start":{"line":960,"column":16},"end":{"line":960,"column":78}},"706":{"start":{"line":961,"column":16},"end":{"line":961,"column":94}},"707":{"start":{"line":964,"column":8},"end":{"line":978,"column":11}},"708":{"start":{"line":965,"column":12},"end":{"line":965,"column":146}},"709":{"start":{"line":966,"column":12},"end":{"line":969,"column":15}},"710":{"start":{"line":967,"column":16},"end":{"line":967,"column":78}},"711":{"start":{"line":968,"column":16},"end":{"line":968,"column":94}},"712":{"start":{"line":970,"column":12},"end":{"line":973,"column":15}},"713":{"start":{"line":971,"column":16},"end":{"line":971,"column":81}},"714":{"start":{"line":972,"column":16},"end":{"line":972,"column":94}},"715":{"start":{"line":974,"column":12},"end":{"line":977,"column":15}},"716":{"start":{"line":975,"column":16},"end":{"line":975,"column":82}},"717":{"start":{"line":976,"column":16},"end":{"line":976,"column":94}},"718":{"start":{"line":979,"column":8},"end":{"line":993,"column":11}},"719":{"start":{"line":980,"column":12},"end":{"line":980,"column":147}},"720":{"start":{"line":981,"column":12},"end":{"line":984,"column":15}},"721":{"start":{"line":982,"column":16},"end":{"line":982,"column":78}},"722":{"start":{"line":983,"column":16},"end":{"line":983,"column":94}},"723":{"start":{"line":985,"column":12},"end":{"line":988,"column":15}},"724":{"start":{"line":986,"column":16},"end":{"line":986,"column":81}},"725":{"start":{"line":987,"column":16},"end":{"line":987,"column":97}},"726":{"start":{"line":989,"column":12},"end":{"line":992,"column":15}},"727":{"start":{"line":990,"column":16},"end":{"line":990,"column":82}},"728":{"start":{"line":991,"column":16},"end":{"line":991,"column":94}},"729":{"start":{"line":994,"column":8},"end":{"line":1008,"column":11}},"730":{"start":{"line":995,"column":12},"end":{"line":995,"column":147}},"731":{"start":{"line":996,"column":12},"end":{"line":999,"column":15}},"732":{"start":{"line":997,"column":16},"end":{"line":997,"column":78}},"733":{"start":{"line":998,"column":16},"end":{"line":998,"column":94}},"734":{"start":{"line":1000,"column":12},"end":{"line":1003,"column":15}},"735":{"start":{"line":1001,"column":16},"end":{"line":1001,"column":81}},"736":{"start":{"line":1002,"column":16},"end":{"line":1002,"column":97}},"737":{"start":{"line":1004,"column":12},"end":{"line":1007,"column":15}},"738":{"start":{"line":1005,"column":16},"end":{"line":1005,"column":82}},"739":{"start":{"line":1006,"column":16},"end":{"line":1006,"column":98}},"740":{"start":{"line":1009,"column":8},"end":{"line":1023,"column":11}},"741":{"start":{"line":1010,"column":12},"end":{"line":1010,"column":148}},"742":{"start":{"line":1011,"column":12},"end":{"line":1014,"column":15}},"743":{"start":{"line":1012,"column":16},"end":{"line":1012,"column":78}},"744":{"start":{"line":1013,"column":16},"end":{"line":1013,"column":94}},"745":{"start":{"line":1015,"column":12},"end":{"line":1018,"column":15}},"746":{"start":{"line":1016,"column":16},"end":{"line":1016,"column":81}},"747":{"start":{"line":1017,"column":16},"end":{"line":1017,"column":94}},"748":{"start":{"line":1019,"column":12},"end":{"line":1022,"column":15}},"749":{"start":{"line":1020,"column":16},"end":{"line":1020,"column":82}},"750":{"start":{"line":1021,"column":16},"end":{"line":1021,"column":98}},"751":{"start":{"line":1024,"column":8},"end":{"line":1034,"column":11}},"752":{"start":{"line":1025,"column":12},"end":{"line":1025,"column":146}},"753":{"start":{"line":1026,"column":12},"end":{"line":1029,"column":15}},"754":{"start":{"line":1027,"column":16},"end":{"line":1027,"column":81}},"755":{"start":{"line":1028,"column":16},"end":{"line":1028,"column":94}},"756":{"start":{"line":1030,"column":12},"end":{"line":1033,"column":15}},"757":{"start":{"line":1031,"column":16},"end":{"line":1031,"column":77}},"758":{"start":{"line":1032,"column":16},"end":{"line":1032,"column":93}},"759":{"start":{"line":1035,"column":8},"end":{"line":1045,"column":11}},"760":{"start":{"line":1036,"column":12},"end":{"line":1036,"column":150}},"761":{"start":{"line":1037,"column":12},"end":{"line":1040,"column":15}},"762":{"start":{"line":1038,"column":16},"end":{"line":1038,"column":77}},"763":{"start":{"line":1039,"column":16},"end":{"line":1039,"column":93}},"764":{"start":{"line":1041,"column":12},"end":{"line":1044,"column":15}},"765":{"start":{"line":1042,"column":16},"end":{"line":1042,"column":81}},"766":{"start":{"line":1043,"column":16},"end":{"line":1043,"column":94}},"767":{"start":{"line":1046,"column":8},"end":{"line":1056,"column":11}},"768":{"start":{"line":1047,"column":12},"end":{"line":1047,"column":147}},"769":{"start":{"line":1048,"column":12},"end":{"line":1051,"column":15}},"770":{"start":{"line":1049,"column":16},"end":{"line":1049,"column":77}},"771":{"start":{"line":1050,"column":16},"end":{"line":1050,"column":93}},"772":{"start":{"line":1052,"column":12},"end":{"line":1055,"column":15}},"773":{"start":{"line":1053,"column":16},"end":{"line":1053,"column":81}},"774":{"start":{"line":1054,"column":16},"end":{"line":1054,"column":94}},"775":{"start":{"line":1057,"column":8},"end":{"line":1079,"column":11}},"776":{"start":{"line":1058,"column":12},"end":{"line":1058,"column":148}},"777":{"start":{"line":1059,"column":12},"end":{"line":1062,"column":15}},"778":{"start":{"line":1060,"column":16},"end":{"line":1060,"column":75}},"779":{"start":{"line":1061,"column":16},"end":{"line":1061,"column":93}},"780":{"start":{"line":1063,"column":12},"end":{"line":1066,"column":15}},"781":{"start":{"line":1064,"column":16},"end":{"line":1064,"column":75}},"782":{"start":{"line":1065,"column":16},"end":{"line":1065,"column":94}},"783":{"start":{"line":1067,"column":12},"end":{"line":1070,"column":15}},"784":{"start":{"line":1068,"column":16},"end":{"line":1068,"column":75}},"785":{"start":{"line":1069,"column":16},"end":{"line":1069,"column":94}},"786":{"start":{"line":1071,"column":12},"end":{"line":1074,"column":15}},"787":{"start":{"line":1072,"column":16},"end":{"line":1072,"column":74}},"788":{"start":{"line":1073,"column":16},"end":{"line":1073,"column":94}},"789":{"start":{"line":1075,"column":12},"end":{"line":1078,"column":15}},"790":{"start":{"line":1076,"column":16},"end":{"line":1076,"column":75}},"791":{"start":{"line":1077,"column":16},"end":{"line":1077,"column":94}},"792":{"start":{"line":1080,"column":8},"end":{"line":1102,"column":11}},"793":{"start":{"line":1081,"column":12},"end":{"line":1081,"column":149}},"794":{"start":{"line":1082,"column":12},"end":{"line":1085,"column":15}},"795":{"start":{"line":1083,"column":16},"end":{"line":1083,"column":75}},"796":{"start":{"line":1084,"column":16},"end":{"line":1084,"column":94}},"797":{"start":{"line":1086,"column":12},"end":{"line":1089,"column":15}},"798":{"start":{"line":1087,"column":16},"end":{"line":1087,"column":75}},"799":{"start":{"line":1088,"column":16},"end":{"line":1088,"column":93}},"800":{"start":{"line":1090,"column":12},"end":{"line":1093,"column":15}},"801":{"start":{"line":1091,"column":16},"end":{"line":1091,"column":75}},"802":{"start":{"line":1092,"column":16},"end":{"line":1092,"column":93}},"803":{"start":{"line":1094,"column":12},"end":{"line":1097,"column":15}},"804":{"start":{"line":1095,"column":16},"end":{"line":1095,"column":74}},"805":{"start":{"line":1096,"column":16},"end":{"line":1096,"column":92}},"806":{"start":{"line":1098,"column":12},"end":{"line":1101,"column":15}},"807":{"start":{"line":1099,"column":16},"end":{"line":1099,"column":75}},"808":{"start":{"line":1100,"column":16},"end":{"line":1100,"column":93}},"809":{"start":{"line":1103,"column":8},"end":{"line":1125,"column":11}},"810":{"start":{"line":1104,"column":12},"end":{"line":1104,"column":149}},"811":{"start":{"line":1105,"column":12},"end":{"line":1108,"column":15}},"812":{"start":{"line":1106,"column":16},"end":{"line":1106,"column":75}},"813":{"start":{"line":1107,"column":16},"end":{"line":1107,"column":93}},"814":{"start":{"line":1109,"column":12},"end":{"line":1112,"column":15}},"815":{"start":{"line":1110,"column":16},"end":{"line":1110,"column":75}},"816":{"start":{"line":1111,"column":16},"end":{"line":1111,"column":93}},"817":{"start":{"line":1113,"column":12},"end":{"line":1116,"column":15}},"818":{"start":{"line":1114,"column":16},"end":{"line":1114,"column":75}},"819":{"start":{"line":1115,"column":16},"end":{"line":1115,"column":93}},"820":{"start":{"line":1117,"column":12},"end":{"line":1120,"column":15}},"821":{"start":{"line":1118,"column":16},"end":{"line":1118,"column":74}},"822":{"start":{"line":1119,"column":16},"end":{"line":1119,"column":94}},"823":{"start":{"line":1121,"column":12},"end":{"line":1124,"column":15}},"824":{"start":{"line":1122,"column":16},"end":{"line":1122,"column":75}},"825":{"start":{"line":1123,"column":16},"end":{"line":1123,"column":94}},"826":{"start":{"line":1127,"column":4},"end":{"line":1134,"column":7}},"827":{"start":{"line":1128,"column":8},"end":{"line":1133,"column":11}},"828":{"start":{"line":1129,"column":12},"end":{"line":1129,"column":154}},"829":{"start":{"line":1130,"column":12},"end":{"line":1130,"column":89}},"830":{"start":{"line":1131,"column":12},"end":{"line":1131,"column":75}},"831":{"start":{"line":1132,"column":12},"end":{"line":1132,"column":40}}},"branchMap":{}},"/Users/scott/repos/sqiggl-js/index.js":{"path":"/Users/scott/repos/sqiggl-js/index.js","s":{"1":1,"2":1,"3":1,"4":225,"5":225,"6":225,"7":225,"8":1,"9":1,"10":1},"b":{},"f":{"1":225},"fnMap":{"1":{"name":"parse","line":3,"loc":{"start":{"line":3,"column":0},"end":{"line":3,"column":42}}}},"statementMap":{"1":{"start":{"line":1,"column":0},"end":{"line":1,"column":37}},"2":{"start":{"line":2,"column":0},"end":{"line":2,"column":39}},"3":{"start":{"line":3,"column":0},"end":{"line":8,"column":1}},"4":{"start":{"line":4,"column":4},"end":{"line":4,"column":43}},"5":{"start":{"line":5,"column":4},"end":{"line":5,"column":33}},"6":{"start":{"line":6,"column":4},"end":{"line":6,"column":46}},"7":{"start":{"line":7,"column":4},"end":{"line":7,"column":40}},"8":{"start":{"line":9,"column":0},"end":{"line":9,"column":30}},"9":{"start":{"line":10,"column":0},"end":{"line":10,"column":62}},"10":{"start":{"line":11,"column":0},"end":{"line":11,"column":25}}},"branchMap":{}}}