TN:
SF:/Users/scott/repos/sqiggl-js/test.js
FNF:0
FNH:0
DA:2,1
DA:4,1
DA:6,1
DA:8,1
DA:9,1
DA:11,1
DA:12,1
DA:13,1
DA:14,1
DA:16,1
LF:10
LH:10
BRF:0
BRH:0
end_of_record
TN:
SF:/Users/scott/repos/sqiggl-js/src/expressions.specs.js
FN:2,(anonymous_1)
FN:3,(anonymous_2)
FN:4,(anonymous_3)
FN:8,(anonymous_4)
FN:13,(anonymous_5)
FN:14,(anonymous_6)
FN:18,(anonymous_7)
FN:23,(anonymous_8)
FN:24,(anonymous_9)
FN:28,(anonymous_10)
FN:33,(anonymous_11)
FN:34,(anonymous_12)
FN:38,(anonymous_13)
FN:43,(anonymous_14)
FN:44,(anonymous_15)
FN:48,(anonymous_16)
FN:53,(anonymous_17)
FN:54,(anonymous_18)
FN:58,(anonymous_19)
FN:63,(anonymous_20)
FN:64,(anonymous_21)
FN:68,(anonymous_22)
FN:73,(anonymous_23)
FN:74,(anonymous_24)
FN:78,(anonymous_25)
FN:83,(anonymous_26)
FN:84,(anonymous_27)
FN:88,(anonymous_28)
FN:93,(anonymous_29)
FN:94,(anonymous_30)
FN:98,(anonymous_31)
FN:103,(anonymous_32)
FN:104,(anonymous_33)
FNF:33
FNH:33
FNDA:1,(anonymous_1)
FNDA:1,(anonymous_2)
FNDA:1,(anonymous_3)
FNDA:1,(anonymous_4)
FNDA:1,(anonymous_5)
FNDA:1,(anonymous_6)
FNDA:1,(anonymous_7)
FNDA:1,(anonymous_8)
FNDA:1,(anonymous_9)
FNDA:1,(anonymous_10)
FNDA:1,(anonymous_11)
FNDA:1,(anonymous_12)
FNDA:1,(anonymous_13)
FNDA:1,(anonymous_14)
FNDA:1,(anonymous_15)
FNDA:1,(anonymous_16)
FNDA:1,(anonymous_17)
FNDA:1,(anonymous_18)
FNDA:1,(anonymous_19)
FNDA:1,(anonymous_20)
FNDA:1,(anonymous_21)
FNDA:1,(anonymous_22)
FNDA:1,(anonymous_23)
FNDA:1,(anonymous_24)
FNDA:1,(anonymous_25)
FNDA:1,(anonymous_26)
FNDA:1,(anonymous_27)
FNDA:1,(anonymous_28)
FNDA:1,(anonymous_29)
FNDA:1,(anonymous_30)
FNDA:1,(anonymous_31)
FNDA:1,(anonymous_32)
FNDA:1,(anonymous_33)
DA:1,1
DA:2,1
DA:3,1
DA:4,1
DA:5,1
DA:6,1
DA:8,1
DA:9,1
DA:10,1
DA:13,1
DA:14,1
DA:15,1
DA:16,1
DA:18,1
DA:19,1
DA:20,1
DA:23,1
DA:24,1
DA:25,1
DA:26,1
DA:28,1
DA:29,1
DA:30,1
DA:33,1
DA:34,1
DA:35,1
DA:36,1
DA:38,1
DA:39,1
DA:40,1
DA:43,1
DA:44,1
DA:45,1
DA:46,1
DA:48,1
DA:49,1
DA:50,1
DA:53,1
DA:54,1
DA:55,1
DA:56,1
DA:58,1
DA:59,1
DA:60,1
DA:63,1
DA:64,1
DA:65,1
DA:66,1
DA:68,1
DA:69,1
DA:70,1
DA:73,1
DA:74,1
DA:75,1
DA:76,1
DA:78,1
DA:79,1
DA:80,1
DA:83,1
DA:84,1
DA:85,1
DA:86,1
DA:88,1
DA:89,1
DA:90,1
DA:93,1
DA:94,1
DA:95,1
DA:96,1
DA:98,1
DA:99,1
DA:100,1
DA:103,1
DA:104,1
DA:105,1
DA:106,1
DA:107,1
DA:108,1
LF:78
LH:78
BRF:0
BRH:0
end_of_record
TN:
SF:/Users/scott/repos/sqiggl-js/src/expressions.js
FN:8,(anonymous_1)
FN:12,(anonymous_2)
FN:16,(anonymous_3)
FN:20,(anonymous_4)
FN:25,(anonymous_5)
FN:29,(anonymous_6)
FN:33,(anonymous_7)
FN:37,(anonymous_8)
FN:41,(anonymous_9)
FN:45,(anonymous_10)
FN:49,(anonymous_11)
FNF:11
FNH:11
FNDA:18,(anonymous_1)
FNDA:37,(anonymous_2)
FNDA:26,(anonymous_3)
FNDA:15,(anonymous_4)
FNDA:27,(anonymous_5)
FNDA:26,(anonymous_6)
FNDA:26,(anonymous_7)
FNDA:26,(anonymous_8)
FNDA:14,(anonymous_9)
FNDA:32,(anonymous_10)
FNDA:4,(anonymous_11)
DA:1,1
DA:2,1
DA:3,1
DA:4,1
DA:5,1
DA:6,1
DA:8,18
DA:10,1
DA:12,37
DA:14,1
DA:16,26
DA:18,1
DA:20,15
DA:23,1
DA:25,27
DA:27,1
DA:29,26
DA:31,1
DA:33,26
DA:35,1
DA:37,26
DA:39,1
DA:41,14
DA:43,1
DA:45,32
DA:47,1
DA:49,4
DA:51,1
LF:28
LH:28
BRDA:29,1,0,8
BRDA:29,1,1,18
BRDA:45,2,0,32
BRDA:45,2,1,19
BRF:4
BRH:4
end_of_record
TN:
SF:/Users/scott/repos/sqiggl-js/src/modifiers.js
FN:3,(anonymous_1)
FN:7,(anonymous_2)
FN:11,(anonymous_3)
FN:15,(anonymous_4)
FNF:4
FNH:4
FNDA:110,(anonymous_1)
FNDA:59,(anonymous_2)
FNDA:27,(anonymous_3)
FNDA:14,(anonymous_4)
DA:1,1
DA:3,110
DA:5,1
DA:7,59
DA:9,1
DA:11,27
DA:13,1
DA:15,14
DA:17,1
LF:9
LH:9
BRDA:7,1,0,59
BRDA:7,1,1,38
BRDA:11,2,0,27
BRDA:11,2,1,18
BRDA:15,3,0,14
BRDA:15,3,1,11
BRDA:15,3,2,8
BRF:7
BRH:7
end_of_record
TN:
SF:/Users/scott/repos/sqiggl-js/src/modifiers.specs.js
FN:2,(anonymous_1)
FN:3,(anonymous_2)
FN:4,(anonymous_3)
FN:7,(anonymous_4)
FN:11,(anonymous_5)
FN:12,(anonymous_6)
FN:15,(anonymous_7)
FN:18,(anonymous_8)
FN:22,(anonymous_9)
FN:23,(anonymous_10)
FN:26,(anonymous_11)
FN:29,(anonymous_12)
FN:33,(anonymous_13)
FN:34,(anonymous_14)
FN:37,(anonymous_15)
FN:40,(anonymous_16)
FN:43,(anonymous_17)
FNF:17
FNH:17
FNDA:1,(anonymous_1)
FNDA:1,(anonymous_2)
FNDA:1,(anonymous_3)
FNDA:1,(anonymous_4)
FNDA:1,(anonymous_5)
FNDA:1,(anonymous_6)
FNDA:1,(anonymous_7)
FNDA:1,(anonymous_8)
FNDA:1,(anonymous_9)
FNDA:1,(anonymous_10)
FNDA:1,(anonymous_11)
FNDA:1,(anonymous_12)
FNDA:1,(anonymous_13)
FNDA:1,(anonymous_14)
FNDA:1,(anonymous_15)
FNDA:1,(anonymous_16)
FNDA:1,(anonymous_17)
DA:1,1
DA:2,1
DA:3,1
DA:4,1
DA:5,1
DA:7,1
DA:8,1
DA:11,1
DA:12,1
DA:13,1
DA:15,1
DA:16,1
DA:18,1
DA:19,1
DA:22,1
DA:23,1
DA:24,1
DA:26,1
DA:27,1
DA:29,1
DA:30,1
DA:33,1
DA:34,1
DA:35,1
DA:37,1
DA:38,1
DA:40,1
DA:41,1
DA:43,1
DA:44,1
LF:30
LH:30
BRF:0
BRH:0
end_of_record
TN:
SF:/Users/scott/repos/sqiggl-js/src/actions.specs.js
FN:4,(anonymous_1)
FN:5,(anonymous_2)
FN:6,(anonymous_3)
FN:11,(anonymous_4)
FN:17,(anonymous_5)
FN:18,(anonymous_6)
FN:23,(anonymous_7)
FN:29,(anonymous_8)
FN:30,(anonymous_9)
FN:35,(anonymous_10)
FNF:10
FNH:10
FNDA:1,(anonymous_1)
FNDA:1,(anonymous_2)
FNDA:1,(anonymous_3)
FNDA:1,(anonymous_4)
FNDA:1,(anonymous_5)
FNDA:1,(anonymous_6)
FNDA:1,(anonymous_7)
FNDA:1,(anonymous_8)
FNDA:1,(anonymous_9)
FNDA:1,(anonymous_10)
DA:1,1
DA:2,1
DA:3,1
DA:4,1
DA:5,1
DA:6,1
DA:7,1
DA:8,1
DA:9,1
DA:11,1
DA:12,1
DA:13,1
DA:14,1
DA:17,1
DA:18,1
DA:19,1
DA:20,1
DA:21,1
DA:23,1
DA:24,1
DA:25,1
DA:26,1
DA:29,1
DA:30,1
DA:31,1
DA:32,1
DA:33,1
DA:35,1
DA:36,1
DA:37,1
DA:38,1
LF:31
LH:31
BRF:0
BRH:0
end_of_record
TN:
SF:/Users/scott/repos/sqiggl-js/src/actions.js
FN:4,(anonymous_1)
FN:12,(anonymous_2)
FN:21,(anonymous_3)
FN:25,(anonymous_4)
FNF:4
FNH:4
FNDA:215,(anonymous_1)
FNDA:8,(anonymous_2)
FNDA:110,(anonymous_3)
FNDA:1,(anonymous_4)
DA:1,1
DA:2,1
DA:4,215
DA:6,1
DA:10,1
DA:12,8
DA:14,1
DA:18,1
DA:21,110
DA:23,1
DA:26,1
DA:27,1
DA:28,3
DA:29,3
DA:30,3
DA:32,1
DA:35,1
DA:39,1
LF:18
LH:18
BRDA:4,1,0,109
BRDA:4,1,1,106
BRDA:12,2,0,4
BRDA:12,2,1,4
BRF:4
BRH:4
end_of_record
TN:
SF:/Users/scott/repos/sqiggl-js/src/parser.js
FN:12,(anonymous_1)
FN:13,Parser
FN:18,(anonymous_3)
FN:33,(anonymous_4)
FN:61,(anonymous_5)
FN:84,(anonymous_6)
FNF:6
FNH:5
FNDA:1,(anonymous_1)
FNDA:562,Parser
FNDA:562,(anonymous_3)
FNDA:454,(anonymous_4)
FNDA:0,(anonymous_5)
FNDA:587,(anonymous_6)
DA:1,1
DA:2,1
DA:3,1
DA:4,1
DA:12,1
DA:13,1
DA:14,562
DA:15,562
DA:16,562
DA:18,1
DA:19,562
DA:20,3372
DA:21,3372
DA:23,562
DA:33,1
DA:34,454
DA:35,454
DA:36,1549
DA:37,0
DA:38,1549
DA:39,433
DA:40,109
DA:41,324
DA:43,1440
DA:44,117
DA:46,1440
DA:47,2
DA:49,1440
DA:50,778
DA:52,454
DA:61,1
DA:62,0
DA:63,0
DA:84,1
DA:85,587
DA:86,587
DA:87,2
DA:88,585
DA:89,56
DA:90,529
DA:91,193
DA:92,336
DA:93,330
DA:94,6
DA:95,0
DA:97,1
DA:99,1
LF:47
LH:43
BRDA:14,1,0,226
BRDA:14,1,1,336
BRDA:21,2,0,3372
BRDA:21,2,1,1699
BRDA:36,3,0,0
BRDA:36,3,1,1549
BRDA:38,4,0,433
BRDA:38,4,1,1116
BRDA:38,5,0,1549
BRDA:38,5,1,650
BRDA:39,6,0,109
BRDA:39,6,1,324
BRDA:39,7,0,433
BRDA:39,7,1,216
BRDA:43,8,0,117
BRDA:43,8,1,1323
BRDA:46,9,0,2
BRDA:46,9,1,1438
BRDA:46,10,0,1440
BRDA:46,10,1,4
BRDA:49,11,0,778
BRDA:49,11,1,662
BRDA:85,12,0,125
BRDA:85,12,1,462
BRDA:86,13,0,2
BRDA:86,13,1,585
BRDA:88,14,0,56
BRDA:88,14,1,529
BRDA:88,15,0,585
BRDA:88,15,1,530
BRDA:90,16,0,193
BRDA:90,16,1,336
BRDA:92,17,0,330
BRDA:92,17,1,6
BRDA:92,18,0,336
BRDA:92,18,1,336
BRDA:94,19,0,0
BRDA:94,19,1,6
BRF:38
BRH:36
end_of_record
TN:
SF:/Users/scott/repos/sqiggl-js/src/parsers/comment.parser.js
FN:1,(anonymous_1)
FN:2,CommentParser
FN:12,(anonymous_3)
FNF:3
FNH:3
FNDA:1,(anonymous_1)
FNDA:2,CommentParser
FNDA:2,(anonymous_3)
DA:1,1
DA:2,1
DA:3,2
DA:12,1
DA:13,2
DA:15,1
DA:17,1
LF:7
LH:7
BRF:0
BRH:0
end_of_record
TN:
SF:/Users/scott/repos/sqiggl-js/src/parsers/replacement.parser.js
FN:8,(anonymous_1)
FN:15,ReplacementParser
FN:26,(anonymous_3)
FNF:3
FNH:3
FNDA:1,(anonymous_1)
FNDA:124,ReplacementParser
FNDA:124,(anonymous_3)
DA:1,1
DA:2,1
DA:8,1
DA:15,1
DA:16,124
DA:26,1
DA:27,124
DA:28,124
DA:29,6
DA:30,6
DA:31,2
DA:35,118
DA:37,124
DA:38,2
DA:39,122
DA:40,2
DA:41,120
DA:43,1
DA:45,1
LF:19
LH:19
BRDA:28,1,0,6
BRDA:28,1,1,118
BRDA:30,2,0,2
BRDA:30,2,1,4
BRDA:37,3,0,2
BRDA:37,3,1,122
BRDA:39,4,0,2
BRDA:39,4,1,120
BRF:8
BRH:8
end_of_record
TN:
SF:/Users/scott/repos/sqiggl-js/src/parsers/expression.parser.js
FN:7,(anonymous_1)
FN:14,ExpressionParser
FN:25,(anonymous_3)
FNF:3
FNH:3
FNDA:1,(anonymous_1)
FNDA:230,ExpressionParser
FNDA:230,(anonymous_3)
DA:1,1
DA:7,1
DA:14,1
DA:15,230
DA:25,1
DA:26,230
DA:27,230
DA:28,230
DA:29,462
DA:31,230
DA:32,230
DA:33,220
DA:34,198
DA:35,198
DA:38,230
DA:40,1
DA:42,1
LF:17
LH:17
BRDA:26,1,0,7
BRDA:26,1,1,223
BRDA:32,2,0,220
BRDA:32,2,1,10
BRF:4
BRH:4
end_of_record
TN:
SF:/Users/scott/repos/sqiggl-js/src/parsers/command.parser.js
FN:8,(anonymous_1)
FN:15,CommandParser
FN:26,(anonymous_3)
FNF:3
FNH:3
FNDA:1,(anonymous_1)
FNDA:328,CommandParser
FNDA:328,(anonymous_3)
DA:1,1
DA:2,1
DA:8,1
DA:15,1
DA:16,328
DA:26,1
DA:27,328
DA:28,328
DA:29,328
DA:30,328
DA:31,328
DA:32,220
DA:33,328
DA:34,328
DA:35,328
DA:36,1
DA:38,327
DA:40,328
DA:41,108
DA:42,328
DA:44,1
DA:46,1
LF:22
LH:22
BRDA:27,1,0,7
BRDA:27,1,1,321
BRDA:31,2,0,220
BRDA:31,2,1,108
BRDA:34,3,0,328
BRDA:34,3,1,0
BRDA:35,4,0,1
BRDA:35,4,1,327
BRDA:40,5,0,108
BRDA:40,5,1,220
BRDA:42,6,0,328
BRDA:42,6,1,108
BRF:12
BRH:11
end_of_record
TN:
SF:/Users/scott/repos/sqiggl-js/src/lexers/expression.lexer.specs.js
FN:4,(anonymous_1)
FN:5,(anonymous_2)
FN:6,(anonymous_3)
FN:12,(anonymous_4)
FNF:4
FNH:4
FNDA:1,(anonymous_1)
FNDA:1,(anonymous_2)
FNDA:1,(anonymous_3)
FNDA:1,(anonymous_4)
DA:1,1
DA:2,1
DA:3,1
DA:4,1
DA:5,1
DA:6,1
DA:7,1
DA:8,1
DA:9,1
DA:10,1
DA:12,1
DA:13,1
DA:14,1
DA:15,1
DA:16,1
LF:15
LH:15
BRF:0
BRH:0
end_of_record
TN:
SF:/Users/scott/repos/sqiggl-js/src/lexers/expression.lexer.js
FN:7,(anonymous_1)
FN:15,ExpressionLexer
FN:88,(anonymous_3)
FN:189,(anonymous_4)
FN:190,(anonymous_5)
FN:211,(anonymous_6)
FN:240,(anonymous_7)
FN:241,(anonymous_8)
FN:253,(anonymous_9)
FNF:9
FNH:9
FNDA:1,(anonymous_1)
FNDA:227,ExpressionLexer
FNDA:227,(anonymous_3)
FNDA:656,(anonymous_4)
FNDA:656,(anonymous_5)
FNDA:1299,(anonymous_6)
FNDA:227,(anonymous_7)
FNDA:40,(anonymous_8)
FNDA:199,(anonymous_9)
DA:1,1
DA:7,1
DA:15,1
DA:16,227
DA:17,227
DA:88,1
DA:89,227
DA:90,227
DA:91,1264
DA:93,1264
DA:94,1264
DA:95,1264
DA:96,1264
DA:97,1264
DA:98,1264
DA:99,1264
DA:100,1264
DA:101,1264
DA:102,5671
DA:103,5671
DA:105,2
DA:107,2
DA:108,2
DA:110,5669
DA:112,2
DA:114,2
DA:115,2
DA:117,5667
DA:119,1496
DA:120,1496
DA:122,4171
DA:123,1539
DA:125,0
DA:126,0
DA:129,1539
DA:130,1539
DA:132,2632
DA:133,1299
DA:134,1299
DA:135,837
DA:137,837
DA:138,0
DA:139,837
DA:142,462
DA:143,462
DA:144,462
DA:146,93
DA:150,369
DA:152,462
DA:155,1333
DA:157,13
DA:160,1333
DA:162,1037
DA:163,1037
DA:165,296
DA:167,110
DA:169,110
DA:170,0
DA:174,186
DA:176,296
DA:178,3797
DA:179,0
DA:181,1264
DA:183,227
DA:184,2
DA:186,227
DA:187,2
DA:188,227
DA:189,656
DA:190,656
DA:191,227
DA:194,227
DA:195,0
DA:196,227
DA:197,0
DA:211,1
DA:212,1299
DA:213,1299
DA:214,1299
DA:215,1299
DA:216,1299
DA:217,1299
DA:218,2039
DA:219,2039
DA:221,462
DA:226,837
DA:240,1
DA:241,227
DA:242,40
DA:243,40
DA:244,40
DA:245,40
DA:247,40
DA:248,40
DA:249,40
DA:251,40
DA:253,227
DA:254,199
DA:255,199
DA:256,199
DA:257,199
DA:261,1
DA:263,1
LF:103
LH:96
BRDA:103,1,0,2
BRDA:103,1,1,5669
BRDA:110,2,0,2
BRDA:110,2,1,5667
BRDA:117,3,0,1496
BRDA:117,3,1,4171
BRDA:122,4,0,1539
BRDA:122,4,1,2632
BRDA:123,5,0,0
BRDA:123,5,1,1539
BRDA:132,6,0,1299
BRDA:132,6,1,1333
BRDA:134,7,0,837
BRDA:134,7,1,462
BRDA:137,8,0,0
BRDA:137,8,1,837
BRDA:144,9,0,93
BRDA:144,9,1,369
BRDA:155,10,0,13
BRDA:155,10,1,1320
BRDA:155,11,0,1333
BRDA:155,11,1,13
BRDA:160,12,0,1037
BRDA:160,12,1,296
BRDA:165,13,0,110
BRDA:165,13,1,186
BRDA:169,14,0,0
BRDA:169,14,1,110
BRDA:178,15,0,0
BRDA:178,15,1,3797
BRDA:181,16,0,227
BRDA:181,16,1,1037
BRDA:183,17,0,2
BRDA:183,17,1,225
BRDA:186,18,0,2
BRDA:186,18,1,225
BRDA:194,19,0,0
BRDA:194,19,1,227
BRDA:219,20,0,462
BRDA:219,20,1,1577
BRDA:219,21,0,2039
BRDA:219,21,1,1592
BRDA:244,22,0,40
BRDA:244,22,1,0
BRDA:248,23,0,40
BRDA:248,23,1,0
BRDA:251,24,0,0
BRDA:251,24,1,40
BRDA:256,25,0,199
BRDA:256,25,1,0
BRF:50
BRH:41
end_of_record
TN:
SF:/Users/scott/repos/sqiggl-js/src/lexer.js
FN:26,(anonymous_1)
FN:33,Lexer
FN:48,(anonymous_3)
FN:63,(anonymous_4)
FN:84,(anonymous_5)
FN:99,(anonymous_6)
FN:117,(anonymous_7)
FN:133,(anonymous_8)
FN:181,(anonymous_9)
FN:213,(anonymous_10)
FN:248,(anonymous_11)
FN:253,(anonymous_12)
FN:258,(anonymous_13)
FN:267,(anonymous_14)
FN:287,(anonymous_15)
FN:305,(anonymous_16)
FNF:16
FNH:16
FNDA:1,(anonymous_1)
FNDA:254,Lexer
FNDA:254,(anonymous_3)
FNDA:254,(anonymous_4)
FNDA:254,(anonymous_5)
FNDA:254,(anonymous_6)
FNDA:254,(anonymous_7)
FNDA:254,(anonymous_8)
FNDA:2005,(anonymous_9)
FNDA:254,(anonymous_10)
FNDA:691,(anonymous_11)
FNDA:3282,(anonymous_12)
FNDA:2005,(anonymous_13)
FNDA:892,(anonymous_14)
FNDA:1605,(anonymous_15)
FNDA:53,(anonymous_16)
DA:1,1
DA:2,1
DA:3,1
DA:4,1
DA:5,1
DA:6,1
DA:7,1
DA:8,1
DA:26,1
DA:33,1
DA:34,254
DA:35,254
DA:36,254
DA:48,1
DA:49,254
DA:50,2032
DA:51,2032
DA:53,254
DA:63,1
DA:64,254
DA:65,254
DA:66,2032
DA:67,2032
DA:68,1778
DA:70,254
DA:71,1524
DA:72,0
DA:74,254
DA:84,1
DA:85,254
DA:86,254
DA:87,254
DA:88,254
DA:90,254
DA:99,1
DA:100,254
DA:101,0
DA:102,254
DA:103,0
DA:104,254
DA:105,0
DA:106,254
DA:117,1
DA:118,254
DA:119,254
DA:120,254
DA:122,254
DA:133,1
DA:134,254
DA:135,254
DA:136,26535
DA:138,902
DA:139,884
DA:140,902
DA:142,663
DA:143,663
DA:144,663
DA:146,4
DA:147,4
DA:148,4
DA:150,6
DA:151,6
DA:152,6
DA:154,229
DA:155,229
DA:157,902
DA:158,902
DA:160,901
DA:161,901
DA:162,901
DA:163,901
DA:164,901
DA:165,901
DA:167,24732
DA:170,254
DA:171,220
DA:173,254
DA:181,1
DA:182,2005
DA:184,1103
DA:186,6
DA:187,6
DA:189,229
DA:190,229
DA:192,663
DA:193,663
DA:195,4
DA:197,0
DA:213,1
DA:214,254
DA:215,254
DA:216,2005
DA:217,2005
DA:218,663
DA:219,437
DA:220,437
DA:221,0
DA:222,437
DA:223,218
DA:226,226
DA:230,1342
DA:233,254
DA:248,1
DA:249,691
DA:250,691
DA:251,691
DA:252,2005
DA:253,3282
DA:254,437
DA:256,2005
DA:258,2005
DA:267,1
DA:268,892
DA:269,892
DA:270,892
DA:271,1605
DA:272,1605
DA:273,1605
DA:274,713
DA:275,713
DA:278,892
DA:287,1
DA:288,1605
DA:289,1605
DA:290,53
DA:293,1552
DA:294,1552
DA:305,1
DA:306,53
DA:307,53
DA:308,359
DA:310,0
DA:311,0
DA:314,0
DA:316,0
DA:318,53
DA:320,306
DA:323,0
DA:325,1
DA:327,1
LF:140
LH:129
BRDA:34,1,0,252
BRDA:34,1,1,2
BRDA:51,2,0,2032
BRDA:51,2,1,2030
BRDA:67,3,0,1778
BRDA:67,3,1,254
BRDA:71,4,0,0
BRDA:71,4,1,1524
BRDA:85,5,0,254
BRDA:85,5,1,0
BRDA:100,6,0,0
BRDA:100,6,1,254
BRDA:102,7,0,0
BRDA:102,7,1,254
BRDA:104,8,0,0
BRDA:104,8,1,254
BRDA:136,9,0,902
BRDA:136,9,1,901
BRDA:136,9,2,24732
BRDA:138,10,0,884
BRDA:138,10,1,18
BRDA:140,11,0,663
BRDA:140,11,1,4
BRDA:140,11,2,6
BRDA:140,11,3,229
BRDA:160,12,0,901
BRDA:160,12,1,0
BRDA:170,13,0,220
BRDA:170,13,1,34
BRDA:182,14,0,1103
BRDA:182,14,1,6
BRDA:182,14,2,229
BRDA:182,14,3,663
BRDA:182,14,4,4
BRDA:182,14,5,0
BRDA:217,15,0,663
BRDA:217,15,1,1342
BRDA:217,16,0,2005
BRDA:217,16,1,663
BRDA:218,17,0,437
BRDA:218,17,1,226
BRDA:220,18,0,0
BRDA:220,18,1,437
BRDA:222,19,0,218
BRDA:222,19,1,219
BRDA:252,20,0,437
BRDA:252,20,1,1568
BRDA:273,21,0,713
BRDA:273,21,1,892
BRDA:289,22,0,53
BRDA:289,22,1,1552
BRDA:289,23,0,1605
BRDA:289,23,1,1552
BRDA:294,24,0,712
BRDA:294,24,1,840
BRDA:308,25,0,0
BRDA:308,25,1,53
BRDA:308,25,2,306
BRDA:310,26,0,0
BRDA:310,26,1,0
BRDA:310,27,0,0
BRDA:310,27,1,0
BRF:62
BRH:49
end_of_record
TN:
SF:/Users/scott/repos/sqiggl-js/src/dsl.js
FN:1,(anonymous_1)
FN:9,(anonymous_2)
FNF:2
FNH:2
FNDA:1,(anonymous_1)
FNDA:1,(anonymous_2)
DA:1,1
DA:2,1
DA:3,1
DA:4,1
DA:5,1
DA:6,1
DA:8,1
DA:9,1
DA:10,1
DA:11,1
DA:13,1
LF:11
LH:11
BRDA:7,1,0,1
BRDA:7,1,1,1
BRDA:12,2,0,1
BRDA:12,2,1,1
BRF:4
BRH:4
end_of_record
TN:
SF:/Users/scott/repos/sqiggl-js/src/lexers/variable.lexer.js
FN:7,(anonymous_1)
FN:14,VariableLexer
FN:24,(anonymous_3)
FN:91,(anonymous_4)
FN:111,(anonymous_5)
FNF:5
FNH:5
FNDA:1,(anonymous_1)
FNDA:6,VariableLexer
FNDA:6,(anonymous_3)
FNDA:12,(anonymous_4)
FNDA:6,(anonymous_5)
DA:1,1
DA:7,1
DA:14,1
DA:15,6
DA:24,1
DA:25,6
DA:26,6
DA:27,71
DA:29,5
DA:30,0
DA:31,5
DA:32,2
DA:33,2
DA:34,2
DA:35,2
DA:37,3
DA:38,2
DA:39,0
DA:42,3
DA:43,3
DA:45,2
DA:46,0
DA:47,2
DA:48,1
DA:49,1
DA:50,1
DA:51,1
DA:53,1
DA:54,1
DA:55,0
DA:58,1
DA:59,1
DA:61,1
DA:62,0
DA:64,0
DA:66,1
DA:67,1
DA:69,6
DA:70,6
DA:71,6
DA:72,6
DA:73,6
DA:75,57
DA:78,6
DA:79,6
DA:80,6
DA:91,1
DA:92,12
DA:94,6
DA:95,6
DA:97,6
DA:98,6
DA:100,0
DA:102,12
DA:111,1
DA:112,6
DA:114,1
DA:116,1
LF:58
LH:51
BRDA:27,1,0,5
BRDA:27,1,1,2
BRDA:27,1,2,1
BRDA:27,1,3,6
BRDA:27,1,4,57
BRDA:29,2,0,0
BRDA:29,2,1,5
BRDA:31,3,0,2
BRDA:31,3,1,3
BRDA:37,4,0,2
BRDA:37,4,1,1
BRDA:38,5,0,0
BRDA:38,5,1,2
BRDA:45,6,0,0
BRDA:45,6,1,2
BRDA:47,7,0,1
BRDA:47,7,1,1
BRDA:53,8,0,1
BRDA:53,8,1,0
BRDA:54,9,0,0
BRDA:54,9,1,1
BRDA:61,10,0,0
BRDA:61,10,1,1
BRDA:78,11,0,6
BRDA:78,11,1,0
BRDA:92,12,0,6
BRDA:92,12,1,6
BRDA:92,12,2,0
BRF:28
BRH:20
end_of_record
TN:
SF:/Users/scott/repos/sqiggl-js/src/lexers/replacement.lexer.js
FN:7,(anonymous_1)
FN:15,ReplacementLexer
FN:28,(anonymous_3)
FN:41,(anonymous_4)
FNF:4
FNH:4
FNDA:1,(anonymous_1)
FNDA:229,ReplacementLexer
FNDA:229,(anonymous_3)
FNDA:229,(anonymous_4)
DA:1,1
DA:7,1
DA:15,1
DA:16,229
DA:17,229
DA:28,1
DA:29,229
DA:30,229
DA:31,6
DA:32,229
DA:41,1
DA:42,229
DA:44,1
DA:46,1
LF:14
LH:14
BRDA:30,1,0,6
BRDA:30,1,1,223
BRF:2
BRH:2
end_of_record
TN:
SF:/Users/scott/repos/sqiggl-js/src/lexers/command.lexer.js
FN:7,(anonymous_1)
FN:16,CommandLexer
FN:41,(anonymous_3)
FN:42,(anonymous_4)
FN:66,(anonymous_5)
FN:76,(anonymous_6)
FNF:6
FNH:6
FNDA:1,(anonymous_1)
FNDA:663,CommandLexer
FNDA:663,(anonymous_3)
FNDA:4641,(anonymous_4)
FNDA:663,(anonymous_5)
FNDA:663,(anonymous_6)
DA:1,1
DA:7,1
DA:16,1
DA:17,663
DA:18,663
DA:19,663
DA:41,1
DA:42,4641
DA:43,663
DA:44,0
DA:45,663
DA:46,663
DA:47,224
DA:48,224
DA:49,219
DA:52,5
DA:53,5
DA:56,663
DA:66,1
DA:67,663
DA:76,1
DA:77,663
DA:79,1
DA:81,1
LF:24
LH:23
BRDA:43,1,0,0
BRDA:43,1,1,663
BRDA:46,2,0,224
BRDA:46,2,1,439
BRDA:48,3,0,219
BRDA:48,3,1,5
BRF:6
BRH:5
end_of_record
TN:
SF:/Users/scott/repos/sqiggl-js/src/lexer.specs.js
FN:4,(anonymous_1)
FN:5,(anonymous_2)
FN:9,(anonymous_3)
FN:16,(anonymous_4)
FN:17,(anonymous_5)
FN:23,(anonymous_6)
FN:29,(anonymous_7)
FN:36,(anonymous_8)
FN:37,(anonymous_9)
FN:42,(anonymous_10)
FN:47,(anonymous_11)
FN:52,(anonymous_12)
FN:58,(anonymous_13)
FN:59,(anonymous_14)
FN:64,(anonymous_15)
FN:69,(anonymous_16)
FN:74,(anonymous_17)
FN:79,(anonymous_18)
FN:84,(anonymous_19)
FN:91,(anonymous_20)
FN:98,(anonymous_21)
FN:106,(anonymous_22)
FN:107,(anonymous_23)
FN:112,(anonymous_24)
FN:118,(anonymous_25)
FN:119,(anonymous_26)
FN:124,(anonymous_27)
FN:129,(anonymous_28)
FN:134,(anonymous_29)
FN:140,(anonymous_30)
FN:146,(anonymous_31)
FN:153,(anonymous_32)
FN:154,(anonymous_33)
FN:167,(anonymous_34)
FN:168,(anonymous_35)
FN:173,(anonymous_36)
FN:178,(anonymous_37)
FN:184,(anonymous_38)
FNF:38
FNH:38
FNDA:1,(anonymous_1)
FNDA:1,(anonymous_2)
FNDA:1,(anonymous_3)
FNDA:1,(anonymous_4)
FNDA:1,(anonymous_5)
FNDA:1,(anonymous_6)
FNDA:1,(anonymous_7)
FNDA:1,(anonymous_8)
FNDA:1,(anonymous_9)
FNDA:1,(anonymous_10)
FNDA:1,(anonymous_11)
FNDA:1,(anonymous_12)
FNDA:1,(anonymous_13)
FNDA:1,(anonymous_14)
FNDA:1,(anonymous_15)
FNDA:1,(anonymous_16)
FNDA:1,(anonymous_17)
FNDA:1,(anonymous_18)
FNDA:1,(anonymous_19)
FNDA:1,(anonymous_20)
FNDA:1,(anonymous_21)
FNDA:1,(anonymous_22)
FNDA:1,(anonymous_23)
FNDA:1,(anonymous_24)
FNDA:1,(anonymous_25)
FNDA:1,(anonymous_26)
FNDA:1,(anonymous_27)
FNDA:1,(anonymous_28)
FNDA:1,(anonymous_29)
FNDA:1,(anonymous_30)
FNDA:1,(anonymous_31)
FNDA:1,(anonymous_32)
FNDA:1,(anonymous_33)
FNDA:1,(anonymous_34)
FNDA:1,(anonymous_35)
FNDA:1,(anonymous_36)
FNDA:1,(anonymous_37)
FNDA:1,(anonymous_38)
DA:1,1
DA:2,1
DA:3,1
DA:4,1
DA:5,1
DA:9,1
DA:10,1
DA:11,1
DA:12,1
DA:13,1
DA:16,1
DA:17,1
DA:18,1
DA:19,1
DA:20,1
DA:21,1
DA:23,1
DA:24,1
DA:25,1
DA:26,1
DA:27,1
DA:29,1
DA:30,1
DA:31,1
DA:32,1
DA:33,1
DA:36,1
DA:37,1
DA:38,1
DA:39,1
DA:40,1
DA:42,1
DA:43,1
DA:44,1
DA:45,1
DA:47,1
DA:48,1
DA:49,1
DA:50,1
DA:52,1
DA:53,1
DA:54,1
DA:55,1
DA:58,1
DA:59,1
DA:60,1
DA:61,1
DA:62,1
DA:64,1
DA:65,1
DA:66,1
DA:67,1
DA:69,1
DA:70,1
DA:71,1
DA:72,1
DA:74,1
DA:75,1
DA:76,1
DA:77,1
DA:79,1
DA:80,1
DA:81,1
DA:82,1
DA:84,1
DA:85,1
DA:86,1
DA:87,1
DA:88,1
DA:89,1
DA:91,1
DA:92,1
DA:93,1
DA:94,1
DA:95,1
DA:96,1
DA:98,1
DA:99,1
DA:100,1
DA:101,1
DA:102,1
DA:103,1
DA:106,1
DA:107,1
DA:108,1
DA:109,1
DA:110,1
DA:112,1
DA:113,1
DA:114,1
DA:115,1
DA:118,1
DA:119,1
DA:120,1
DA:121,1
DA:122,1
DA:124,1
DA:125,1
DA:126,1
DA:127,1
DA:129,1
DA:130,1
DA:131,1
DA:132,1
DA:134,1
DA:135,1
DA:136,1
DA:137,1
DA:138,1
DA:140,1
DA:141,1
DA:142,1
DA:143,1
DA:144,1
DA:146,1
DA:147,1
DA:148,1
DA:149,1
DA:150,1
DA:153,1
DA:154,1
DA:155,1
DA:156,1
DA:157,1
DA:158,1
DA:159,1
DA:160,1
DA:161,1
DA:162,1
DA:163,1
DA:164,1
DA:167,1
DA:168,1
DA:169,1
DA:170,1
DA:171,1
DA:173,1
DA:174,1
DA:175,1
DA:176,1
DA:178,1
DA:179,1
DA:180,1
DA:181,1
DA:182,1
DA:184,1
DA:185,1
DA:186,1
DA:187,1
DA:188,1
LF:150
LH:150
BRF:0
BRH:0
end_of_record
TN:
SF:/Users/scott/repos/sqiggl-js/src/parsers/expression.parser.specs.js
FN:5,(anonymous_1)
FN:6,(anonymous_2)
FN:7,(anonymous_3)
FN:12,(anonymous_4)
FN:17,(anonymous_5)
FN:22,(anonymous_6)
FNF:6
FNH:6
FNDA:1,(anonymous_1)
FNDA:1,(anonymous_2)
FNDA:1,(anonymous_3)
FNDA:1,(anonymous_4)
FNDA:1,(anonymous_5)
FNDA:1,(anonymous_6)
DA:1,1
DA:2,1
DA:3,1
DA:4,1
DA:5,1
DA:6,1
DA:7,1
DA:8,1
DA:9,1
DA:10,1
DA:12,1
DA:13,1
DA:14,1
DA:15,1
DA:17,1
DA:18,1
DA:19,1
DA:20,1
DA:22,1
DA:23,1
DA:24,1
DA:25,1
LF:22
LH:22
BRF:0
BRH:0
end_of_record
TN:
SF:/Users/scott/repos/sqiggl-js/src/parsers/command.parser.specs.js
FN:5,(anonymous_1)
FN:6,(anonymous_2)
FN:11,(anonymous_3)
FN:16,(anonymous_4)
FN:21,(anonymous_5)
FNF:5
FNH:5
FNDA:1,(anonymous_1)
FNDA:1,(anonymous_2)
FNDA:1,(anonymous_3)
FNDA:1,(anonymous_4)
FNDA:1,(anonymous_5)
DA:1,1
DA:2,1
DA:3,1
DA:4,1
DA:5,1
DA:6,1
DA:7,1
DA:8,1
DA:9,1
DA:11,1
DA:12,1
DA:13,1
DA:14,1
DA:16,1
DA:17,1
DA:18,1
DA:19,1
DA:21,1
DA:22,1
DA:23,1
DA:24,1
DA:25,1
DA:26,1
DA:27,1
LF:24
LH:24
BRF:0
BRH:0
end_of_record
TN:
SF:/Users/scott/repos/sqiggl-js/src/parsers/replacement.parser.specs.js
FN:5,(anonymous_1)
FN:6,(anonymous_2)
FN:7,(anonymous_3)
FN:12,(anonymous_4)
FN:17,(anonymous_5)
FN:22,(anonymous_6)
FN:27,(anonymous_7)
FN:32,(anonymous_8)
FN:37,(anonymous_9)
FNF:9
FNH:9
FNDA:1,(anonymous_1)
FNDA:1,(anonymous_2)
FNDA:1,(anonymous_3)
FNDA:1,(anonymous_4)
FNDA:1,(anonymous_5)
FNDA:1,(anonymous_6)
FNDA:1,(anonymous_7)
FNDA:1,(anonymous_8)
FNDA:1,(anonymous_9)
DA:1,1
DA:2,1
DA:3,1
DA:4,1
DA:5,1
DA:6,1
DA:7,1
DA:8,1
DA:9,1
DA:10,1
DA:12,1
DA:13,1
DA:14,1
DA:15,1
DA:17,1
DA:18,1
DA:19,1
DA:20,1
DA:22,1
DA:23,1
DA:24,1
DA:25,1
DA:27,1
DA:28,1
DA:29,1
DA:30,1
DA:32,1
DA:33,1
DA:34,1
DA:35,1
DA:37,1
DA:38,1
DA:39,1
DA:40,1
LF:34
LH:34
BRF:0
BRH:0
end_of_record
TN:
SF:/Users/scott/repos/sqiggl-js/src/parser.specs.js
FN:2,(anonymous_1)
FN:3,(anonymous_2)
FN:4,(anonymous_3)
FN:13,(anonymous_4)
FN:23,(anonymous_5)
FN:24,(anonymous_6)
FN:30,(anonymous_7)
FN:31,(anonymous_8)
FN:35,(anonymous_9)
FN:39,(anonymous_10)
FN:43,(anonymous_11)
FNF:11
FNH:11
FNDA:1,(anonymous_1)
FNDA:1,(anonymous_2)
FNDA:1,(anonymous_3)
FNDA:1,(anonymous_4)
FNDA:1,(anonymous_5)
FNDA:1,(anonymous_6)
FNDA:1,(anonymous_7)
FNDA:1,(anonymous_8)
FNDA:1,(anonymous_9)
FNDA:1,(anonymous_10)
FNDA:1,(anonymous_11)
DA:1,1
DA:2,1
DA:3,1
DA:4,1
DA:5,1
DA:6,1
DA:10,1
DA:11,1
DA:13,1
DA:14,1
DA:15,1
DA:19,1
DA:20,1
DA:23,1
DA:24,1
DA:25,1
DA:26,1
DA:27,1
DA:30,1
DA:31,1
DA:32,1
DA:33,1
DA:35,1
DA:36,1
DA:37,1
DA:39,1
DA:40,1
DA:41,1
DA:43,1
DA:44,1
DA:45,1
LF:31
LH:31
BRF:0
BRH:0
end_of_record
TN:
SF:/Users/scott/repos/sqiggl-js/scenario.specs.js
FN:2,(anonymous_1)
FN:3,(anonymous_2)
FN:7,(anonymous_3)
FN:11,(anonymous_4)
FN:15,(anonymous_5)
FN:19,(anonymous_6)
FN:23,(anonymous_7)
FN:27,(anonymous_8)
FN:31,(anonymous_9)
FN:35,(anonymous_10)
FN:39,(anonymous_11)
FN:44,(anonymous_12)
FN:45,(anonymous_13)
FN:46,(anonymous_14)
FN:48,(anonymous_15)
FN:52,(anonymous_16)
FN:57,(anonymous_17)
FN:59,(anonymous_18)
FN:63,(anonymous_19)
FN:68,(anonymous_20)
FN:70,(anonymous_21)
FN:74,(anonymous_22)
FN:79,(anonymous_23)
FN:81,(anonymous_24)
FN:85,(anonymous_25)
FN:90,(anonymous_26)
FN:92,(anonymous_27)
FN:96,(anonymous_28)
FN:101,(anonymous_29)
FN:103,(anonymous_30)
FN:107,(anonymous_31)
FN:112,(anonymous_32)
FN:114,(anonymous_33)
FN:118,(anonymous_34)
FN:123,(anonymous_35)
FN:125,(anonymous_36)
FN:129,(anonymous_37)
FN:133,(anonymous_38)
FN:138,(anonymous_39)
FN:140,(anonymous_40)
FN:144,(anonymous_41)
FN:148,(anonymous_42)
FN:153,(anonymous_43)
FN:155,(anonymous_44)
FN:159,(anonymous_45)
FN:163,(anonymous_46)
FN:168,(anonymous_47)
FN:170,(anonymous_48)
FN:174,(anonymous_49)
FN:178,(anonymous_50)
FN:183,(anonymous_51)
FN:185,(anonymous_52)
FN:189,(anonymous_53)
FN:193,(anonymous_54)
FN:198,(anonymous_55)
FN:200,(anonymous_56)
FN:204,(anonymous_57)
FN:208,(anonymous_58)
FN:213,(anonymous_59)
FN:215,(anonymous_60)
FN:219,(anonymous_61)
FN:223,(anonymous_62)
FN:228,(anonymous_63)
FN:230,(anonymous_64)
FN:234,(anonymous_65)
FN:238,(anonymous_66)
FN:243,(anonymous_67)
FN:245,(anonymous_68)
FN:249,(anonymous_69)
FN:253,(anonymous_70)
FN:258,(anonymous_71)
FN:260,(anonymous_72)
FN:264,(anonymous_73)
FN:268,(anonymous_74)
FN:273,(anonymous_75)
FN:275,(anonymous_76)
FN:279,(anonymous_77)
FN:283,(anonymous_78)
FN:288,(anonymous_79)
FN:290,(anonymous_80)
FN:294,(anonymous_81)
FN:298,(anonymous_82)
FN:303,(anonymous_83)
FN:305,(anonymous_84)
FN:309,(anonymous_85)
FN:313,(anonymous_86)
FN:318,(anonymous_87)
FN:320,(anonymous_88)
FN:324,(anonymous_89)
FN:328,(anonymous_90)
FN:333,(anonymous_91)
FN:335,(anonymous_92)
FN:339,(anonymous_93)
FN:343,(anonymous_94)
FN:348,(anonymous_95)
FN:350,(anonymous_96)
FN:354,(anonymous_97)
FN:358,(anonymous_98)
FN:363,(anonymous_99)
FN:365,(anonymous_100)
FN:369,(anonymous_101)
FN:373,(anonymous_102)
FN:378,(anonymous_103)
FN:380,(anonymous_104)
FN:384,(anonymous_105)
FN:388,(anonymous_106)
FN:393,(anonymous_107)
FN:395,(anonymous_108)
FN:399,(anonymous_109)
FN:403,(anonymous_110)
FN:408,(anonymous_111)
FN:410,(anonymous_112)
FN:414,(anonymous_113)
FN:418,(anonymous_114)
FN:423,(anonymous_115)
FN:425,(anonymous_116)
FN:429,(anonymous_117)
FN:433,(anonymous_118)
FN:438,(anonymous_119)
FN:440,(anonymous_120)
FN:444,(anonymous_121)
FN:448,(anonymous_122)
FN:453,(anonymous_123)
FN:455,(anonymous_124)
FN:459,(anonymous_125)
FN:463,(anonymous_126)
FN:468,(anonymous_127)
FN:470,(anonymous_128)
FN:474,(anonymous_129)
FN:478,(anonymous_130)
FN:483,(anonymous_131)
FN:485,(anonymous_132)
FN:489,(anonymous_133)
FN:494,(anonymous_134)
FN:496,(anonymous_135)
FN:500,(anonymous_136)
FN:505,(anonymous_137)
FN:507,(anonymous_138)
FN:511,(anonymous_139)
FN:516,(anonymous_140)
FN:518,(anonymous_141)
FN:522,(anonymous_142)
FN:526,(anonymous_143)
FN:530,(anonymous_144)
FN:534,(anonymous_145)
FN:539,(anonymous_146)
FN:541,(anonymous_147)
FN:545,(anonymous_148)
FN:549,(anonymous_149)
FN:553,(anonymous_150)
FN:557,(anonymous_151)
FN:562,(anonymous_152)
FN:564,(anonymous_153)
FN:568,(anonymous_154)
FN:572,(anonymous_155)
FN:576,(anonymous_156)
FN:580,(anonymous_157)
FN:586,(anonymous_158)
FN:587,(anonymous_159)
FN:589,(anonymous_160)
FN:593,(anonymous_161)
FN:598,(anonymous_162)
FN:600,(anonymous_163)
FN:604,(anonymous_164)
FN:609,(anonymous_165)
FN:611,(anonymous_166)
FN:615,(anonymous_167)
FN:620,(anonymous_168)
FN:622,(anonymous_169)
FN:626,(anonymous_170)
FN:631,(anonymous_171)
FN:633,(anonymous_172)
FN:637,(anonymous_173)
FN:642,(anonymous_174)
FN:644,(anonymous_175)
FN:648,(anonymous_176)
FN:653,(anonymous_177)
FN:655,(anonymous_178)
FN:659,(anonymous_179)
FN:664,(anonymous_180)
FN:666,(anonymous_181)
FN:670,(anonymous_182)
FN:674,(anonymous_183)
FN:679,(anonymous_184)
FN:681,(anonymous_185)
FN:685,(anonymous_186)
FN:689,(anonymous_187)
FN:694,(anonymous_188)
FN:696,(anonymous_189)
FN:700,(anonymous_190)
FN:704,(anonymous_191)
FN:709,(anonymous_192)
FN:711,(anonymous_193)
FN:715,(anonymous_194)
FN:719,(anonymous_195)
FN:724,(anonymous_196)
FN:726,(anonymous_197)
FN:730,(anonymous_198)
FN:734,(anonymous_199)
FN:739,(anonymous_200)
FN:741,(anonymous_201)
FN:745,(anonymous_202)
FN:749,(anonymous_203)
FN:754,(anonymous_204)
FN:756,(anonymous_205)
FN:760,(anonymous_206)
FN:764,(anonymous_207)
FN:769,(anonymous_208)
FN:771,(anonymous_209)
FN:775,(anonymous_210)
FN:779,(anonymous_211)
FN:784,(anonymous_212)
FN:786,(anonymous_213)
FN:790,(anonymous_214)
FN:794,(anonymous_215)
FN:799,(anonymous_216)
FN:801,(anonymous_217)
FN:805,(anonymous_218)
FN:809,(anonymous_219)
FN:814,(anonymous_220)
FN:816,(anonymous_221)
FN:820,(anonymous_222)
FN:824,(anonymous_223)
FN:829,(anonymous_224)
FN:831,(anonymous_225)
FN:835,(anonymous_226)
FN:839,(anonymous_227)
FN:844,(anonymous_228)
FN:846,(anonymous_229)
FN:850,(anonymous_230)
FN:854,(anonymous_231)
FN:859,(anonymous_232)
FN:861,(anonymous_233)
FN:865,(anonymous_234)
FN:869,(anonymous_235)
FN:874,(anonymous_236)
FN:876,(anonymous_237)
FN:880,(anonymous_238)
FN:884,(anonymous_239)
FN:889,(anonymous_240)
FN:891,(anonymous_241)
FN:895,(anonymous_242)
FN:899,(anonymous_243)
FN:904,(anonymous_244)
FN:906,(anonymous_245)
FN:910,(anonymous_246)
FN:914,(anonymous_247)
FN:919,(anonymous_248)
FN:921,(anonymous_249)
FN:925,(anonymous_250)
FN:929,(anonymous_251)
FN:934,(anonymous_252)
FN:936,(anonymous_253)
FN:940,(anonymous_254)
FN:944,(anonymous_255)
FN:949,(anonymous_256)
FN:951,(anonymous_257)
FN:955,(anonymous_258)
FN:959,(anonymous_259)
FN:964,(anonymous_260)
FN:966,(anonymous_261)
FN:970,(anonymous_262)
FN:974,(anonymous_263)
FN:979,(anonymous_264)
FN:981,(anonymous_265)
FN:985,(anonymous_266)
FN:989,(anonymous_267)
FN:994,(anonymous_268)
FN:996,(anonymous_269)
FN:1000,(anonymous_270)
FN:1004,(anonymous_271)
FN:1009,(anonymous_272)
FN:1011,(anonymous_273)
FN:1015,(anonymous_274)
FN:1019,(anonymous_275)
FN:1024,(anonymous_276)
FN:1026,(anonymous_277)
FN:1030,(anonymous_278)
FN:1035,(anonymous_279)
FN:1037,(anonymous_280)
FN:1041,(anonymous_281)
FN:1046,(anonymous_282)
FN:1048,(anonymous_283)
FN:1052,(anonymous_284)
FN:1057,(anonymous_285)
FN:1059,(anonymous_286)
FN:1063,(anonymous_287)
FN:1067,(anonymous_288)
FN:1071,(anonymous_289)
FN:1075,(anonymous_290)
FN:1080,(anonymous_291)
FN:1082,(anonymous_292)
FN:1086,(anonymous_293)
FN:1090,(anonymous_294)
FN:1094,(anonymous_295)
FN:1098,(anonymous_296)
FN:1103,(anonymous_297)
FN:1105,(anonymous_298)
FN:1109,(anonymous_299)
FN:1113,(anonymous_300)
FN:1117,(anonymous_301)
FN:1121,(anonymous_302)
FN:1127,(anonymous_303)
FN:1128,(anonymous_304)
FNF:304
FNH:304
FNDA:1,(anonymous_1)
FNDA:1,(anonymous_2)
FNDA:1,(anonymous_3)
FNDA:1,(anonymous_4)
FNDA:1,(anonymous_5)
FNDA:1,(anonymous_6)
FNDA:1,(anonymous_7)
FNDA:1,(anonymous_8)
FNDA:1,(anonymous_9)
FNDA:1,(anonymous_10)
FNDA:1,(anonymous_11)
FNDA:1,(anonymous_12)
FNDA:1,(anonymous_13)
FNDA:1,(anonymous_14)
FNDA:1,(anonymous_15)
FNDA:1,(anonymous_16)
FNDA:1,(anonymous_17)
FNDA:1,(anonymous_18)
FNDA:1,(anonymous_19)
FNDA:1,(anonymous_20)
FNDA:1,(anonymous_21)
FNDA:1,(anonymous_22)
FNDA:1,(anonymous_23)
FNDA:1,(anonymous_24)
FNDA:1,(anonymous_25)
FNDA:1,(anonymous_26)
FNDA:1,(anonymous_27)
FNDA:1,(anonymous_28)
FNDA:1,(anonymous_29)
FNDA:1,(anonymous_30)
FNDA:1,(anonymous_31)
FNDA:1,(anonymous_32)
FNDA:1,(anonymous_33)
FNDA:1,(anonymous_34)
FNDA:1,(anonymous_35)
FNDA:1,(anonymous_36)
FNDA:1,(anonymous_37)
FNDA:1,(anonymous_38)
FNDA:1,(anonymous_39)
FNDA:1,(anonymous_40)
FNDA:1,(anonymous_41)
FNDA:1,(anonymous_42)
FNDA:1,(anonymous_43)
FNDA:1,(anonymous_44)
FNDA:1,(anonymous_45)
FNDA:1,(anonymous_46)
FNDA:1,(anonymous_47)
FNDA:1,(anonymous_48)
FNDA:1,(anonymous_49)
FNDA:1,(anonymous_50)
FNDA:1,(anonymous_51)
FNDA:1,(anonymous_52)
FNDA:1,(anonymous_53)
FNDA:1,(anonymous_54)
FNDA:1,(anonymous_55)
FNDA:1,(anonymous_56)
FNDA:1,(anonymous_57)
FNDA:1,(anonymous_58)
FNDA:1,(anonymous_59)
FNDA:1,(anonymous_60)
FNDA:1,(anonymous_61)
FNDA:1,(anonymous_62)
FNDA:1,(anonymous_63)
FNDA:1,(anonymous_64)
FNDA:1,(anonymous_65)
FNDA:1,(anonymous_66)
FNDA:1,(anonymous_67)
FNDA:1,(anonymous_68)
FNDA:1,(anonymous_69)
FNDA:1,(anonymous_70)
FNDA:1,(anonymous_71)
FNDA:1,(anonymous_72)
FNDA:1,(anonymous_73)
FNDA:1,(anonymous_74)
FNDA:1,(anonymous_75)
FNDA:1,(anonymous_76)
FNDA:1,(anonymous_77)
FNDA:1,(anonymous_78)
FNDA:1,(anonymous_79)
FNDA:1,(anonymous_80)
FNDA:1,(anonymous_81)
FNDA:1,(anonymous_82)
FNDA:1,(anonymous_83)
FNDA:1,(anonymous_84)
FNDA:1,(anonymous_85)
FNDA:1,(anonymous_86)
FNDA:1,(anonymous_87)
FNDA:1,(anonymous_88)
FNDA:1,(anonymous_89)
FNDA:1,(anonymous_90)
FNDA:1,(anonymous_91)
FNDA:1,(anonymous_92)
FNDA:1,(anonymous_93)
FNDA:1,(anonymous_94)
FNDA:1,(anonymous_95)
FNDA:1,(anonymous_96)
FNDA:1,(anonymous_97)
FNDA:1,(anonymous_98)
FNDA:1,(anonymous_99)
FNDA:1,(anonymous_100)
FNDA:1,(anonymous_101)
FNDA:1,(anonymous_102)
FNDA:1,(anonymous_103)
FNDA:1,(anonymous_104)
FNDA:1,(anonymous_105)
FNDA:1,(anonymous_106)
FNDA:1,(anonymous_107)
FNDA:1,(anonymous_108)
FNDA:1,(anonymous_109)
FNDA:1,(anonymous_110)
FNDA:1,(anonymous_111)
FNDA:1,(anonymous_112)
FNDA:1,(anonymous_113)
FNDA:1,(anonymous_114)
FNDA:1,(anonymous_115)
FNDA:1,(anonymous_116)
FNDA:1,(anonymous_117)
FNDA:1,(anonymous_118)
FNDA:1,(anonymous_119)
FNDA:1,(anonymous_120)
FNDA:1,(anonymous_121)
FNDA:1,(anonymous_122)
FNDA:1,(anonymous_123)
FNDA:1,(anonymous_124)
FNDA:1,(anonymous_125)
FNDA:1,(anonymous_126)
FNDA:1,(anonymous_127)
FNDA:1,(anonymous_128)
FNDA:1,(anonymous_129)
FNDA:1,(anonymous_130)
FNDA:1,(anonymous_131)
FNDA:1,(anonymous_132)
FNDA:1,(anonymous_133)
FNDA:1,(anonymous_134)
FNDA:1,(anonymous_135)
FNDA:1,(anonymous_136)
FNDA:1,(anonymous_137)
FNDA:1,(anonymous_138)
FNDA:1,(anonymous_139)
FNDA:1,(anonymous_140)
FNDA:1,(anonymous_141)
FNDA:1,(anonymous_142)
FNDA:1,(anonymous_143)
FNDA:1,(anonymous_144)
FNDA:1,(anonymous_145)
FNDA:1,(anonymous_146)
FNDA:1,(anonymous_147)
FNDA:1,(anonymous_148)
FNDA:1,(anonymous_149)
FNDA:1,(anonymous_150)
FNDA:1,(anonymous_151)
FNDA:1,(anonymous_152)
FNDA:1,(anonymous_153)
FNDA:1,(anonymous_154)
FNDA:1,(anonymous_155)
FNDA:1,(anonymous_156)
FNDA:1,(anonymous_157)
FNDA:1,(anonymous_158)
FNDA:1,(anonymous_159)
FNDA:1,(anonymous_160)
FNDA:1,(anonymous_161)
FNDA:1,(anonymous_162)
FNDA:1,(anonymous_163)
FNDA:1,(anonymous_164)
FNDA:1,(anonymous_165)
FNDA:1,(anonymous_166)
FNDA:1,(anonymous_167)
FNDA:1,(anonymous_168)
FNDA:1,(anonymous_169)
FNDA:1,(anonymous_170)
FNDA:1,(anonymous_171)
FNDA:1,(anonymous_172)
FNDA:1,(anonymous_173)
FNDA:1,(anonymous_174)
FNDA:1,(anonymous_175)
FNDA:1,(anonymous_176)
FNDA:1,(anonymous_177)
FNDA:1,(anonymous_178)
FNDA:1,(anonymous_179)
FNDA:1,(anonymous_180)
FNDA:1,(anonymous_181)
FNDA:1,(anonymous_182)
FNDA:1,(anonymous_183)
FNDA:1,(anonymous_184)
FNDA:1,(anonymous_185)
FNDA:1,(anonymous_186)
FNDA:1,(anonymous_187)
FNDA:1,(anonymous_188)
FNDA:1,(anonymous_189)
FNDA:1,(anonymous_190)
FNDA:1,(anonymous_191)
FNDA:1,(anonymous_192)
FNDA:1,(anonymous_193)
FNDA:1,(anonymous_194)
FNDA:1,(anonymous_195)
FNDA:1,(anonymous_196)
FNDA:1,(anonymous_197)
FNDA:1,(anonymous_198)
FNDA:1,(anonymous_199)
FNDA:1,(anonymous_200)
FNDA:1,(anonymous_201)
FNDA:1,(anonymous_202)
FNDA:1,(anonymous_203)
FNDA:1,(anonymous_204)
FNDA:1,(anonymous_205)
FNDA:1,(anonymous_206)
FNDA:1,(anonymous_207)
FNDA:1,(anonymous_208)
FNDA:1,(anonymous_209)
FNDA:1,(anonymous_210)
FNDA:1,(anonymous_211)
FNDA:1,(anonymous_212)
FNDA:1,(anonymous_213)
FNDA:1,(anonymous_214)
FNDA:1,(anonymous_215)
FNDA:1,(anonymous_216)
FNDA:1,(anonymous_217)
FNDA:1,(anonymous_218)
FNDA:1,(anonymous_219)
FNDA:1,(anonymous_220)
FNDA:1,(anonymous_221)
FNDA:1,(anonymous_222)
FNDA:1,(anonymous_223)
FNDA:1,(anonymous_224)
FNDA:1,(anonymous_225)
FNDA:1,(anonymous_226)
FNDA:1,(anonymous_227)
FNDA:1,(anonymous_228)
FNDA:1,(anonymous_229)
FNDA:1,(anonymous_230)
FNDA:1,(anonymous_231)
FNDA:1,(anonymous_232)
FNDA:1,(anonymous_233)
FNDA:1,(anonymous_234)
FNDA:1,(anonymous_235)
FNDA:1,(anonymous_236)
FNDA:1,(anonymous_237)
FNDA:1,(anonymous_238)
FNDA:1,(anonymous_239)
FNDA:1,(anonymous_240)
FNDA:1,(anonymous_241)
FNDA:1,(anonymous_242)
FNDA:1,(anonymous_243)
FNDA:1,(anonymous_244)
FNDA:1,(anonymous_245)
FNDA:1,(anonymous_246)
FNDA:1,(anonymous_247)
FNDA:1,(anonymous_248)
FNDA:1,(anonymous_249)
FNDA:1,(anonymous_250)
FNDA:1,(anonymous_251)
FNDA:1,(anonymous_252)
FNDA:1,(anonymous_253)
FNDA:1,(anonymous_254)
FNDA:1,(anonymous_255)
FNDA:1,(anonymous_256)
FNDA:1,(anonymous_257)
FNDA:1,(anonymous_258)
FNDA:1,(anonymous_259)
FNDA:1,(anonymous_260)
FNDA:1,(anonymous_261)
FNDA:1,(anonymous_262)
FNDA:1,(anonymous_263)
FNDA:1,(anonymous_264)
FNDA:1,(anonymous_265)
FNDA:1,(anonymous_266)
FNDA:1,(anonymous_267)
FNDA:1,(anonymous_268)
FNDA:1,(anonymous_269)
FNDA:1,(anonymous_270)
FNDA:1,(anonymous_271)
FNDA:1,(anonymous_272)
FNDA:1,(anonymous_273)
FNDA:1,(anonymous_274)
FNDA:1,(anonymous_275)
FNDA:1,(anonymous_276)
FNDA:1,(anonymous_277)
FNDA:1,(anonymous_278)
FNDA:1,(anonymous_279)
FNDA:1,(anonymous_280)
FNDA:1,(anonymous_281)
FNDA:1,(anonymous_282)
FNDA:1,(anonymous_283)
FNDA:1,(anonymous_284)
FNDA:1,(anonymous_285)
FNDA:1,(anonymous_286)
FNDA:1,(anonymous_287)
FNDA:1,(anonymous_288)
FNDA:1,(anonymous_289)
FNDA:1,(anonymous_290)
FNDA:1,(anonymous_291)
FNDA:1,(anonymous_292)
FNDA:1,(anonymous_293)
FNDA:1,(anonymous_294)
FNDA:1,(anonymous_295)
FNDA:1,(anonymous_296)
FNDA:1,(anonymous_297)
FNDA:1,(anonymous_298)
FNDA:1,(anonymous_299)
FNDA:1,(anonymous_300)
FNDA:1,(anonymous_301)
FNDA:1,(anonymous_302)
FNDA:1,(anonymous_303)
FNDA:1,(anonymous_304)
DA:1,1
DA:2,1
DA:3,1
DA:4,1
DA:5,1
DA:7,1
DA:8,1
DA:9,1
DA:11,1
DA:12,1
DA:13,1
DA:15,1
DA:16,1
DA:17,1
DA:19,1
DA:20,1
DA:21,1
DA:23,1
DA:24,1
DA:25,1
DA:27,1
DA:28,1
DA:29,1
DA:31,1
DA:32,1
DA:33,1
DA:35,1
DA:36,1
DA:37,1
DA:39,1
DA:40,1
DA:41,1
DA:44,1
DA:45,1
DA:46,1
DA:47,1
DA:48,1
DA:49,1
DA:50,1
DA:52,1
DA:53,1
DA:54,1
DA:57,1
DA:58,1
DA:59,1
DA:60,1
DA:61,1
DA:63,1
DA:64,1
DA:65,1
DA:68,1
DA:69,1
DA:70,1
DA:71,1
DA:72,1
DA:74,1
DA:75,1
DA:76,1
DA:79,1
DA:80,1
DA:81,1
DA:82,1
DA:83,1
DA:85,1
DA:86,1
DA:87,1
DA:90,1
DA:91,1
DA:92,1
DA:93,1
DA:94,1
DA:96,1
DA:97,1
DA:98,1
DA:101,1
DA:102,1
DA:103,1
DA:104,1
DA:105,1
DA:107,1
DA:108,1
DA:109,1
DA:112,1
DA:113,1
DA:114,1
DA:115,1
DA:116,1
DA:118,1
DA:119,1
DA:120,1
DA:123,1
DA:124,1
DA:125,1
DA:126,1
DA:127,1
DA:129,1
DA:130,1
DA:131,1
DA:133,1
DA:134,1
DA:135,1
DA:138,1
DA:139,1
DA:140,1
DA:141,1
DA:142,1
DA:144,1
DA:145,1
DA:146,1
DA:148,1
DA:149,1
DA:150,1
DA:153,1
DA:154,1
DA:155,1
DA:156,1
DA:157,1
DA:159,1
DA:160,1
DA:161,1
DA:163,1
DA:164,1
DA:165,1
DA:168,1
DA:169,1
DA:170,1
DA:171,1
DA:172,1
DA:174,1
DA:175,1
DA:176,1
DA:178,1
DA:179,1
DA:180,1
DA:183,1
DA:184,1
DA:185,1
DA:186,1
DA:187,1
DA:189,1
DA:190,1
DA:191,1
DA:193,1
DA:194,1
DA:195,1
DA:198,1
DA:199,1
DA:200,1
DA:201,1
DA:202,1
DA:204,1
DA:205,1
DA:206,1
DA:208,1
DA:209,1
DA:210,1
DA:213,1
DA:214,1
DA:215,1
DA:216,1
DA:217,1
DA:219,1
DA:220,1
DA:221,1
DA:223,1
DA:224,1
DA:225,1
DA:228,1
DA:229,1
DA:230,1
DA:231,1
DA:232,1
DA:234,1
DA:235,1
DA:236,1
DA:238,1
DA:239,1
DA:240,1
DA:243,1
DA:244,1
DA:245,1
DA:246,1
DA:247,1
DA:249,1
DA:250,1
DA:251,1
DA:253,1
DA:254,1
DA:255,1
DA:258,1
DA:259,1
DA:260,1
DA:261,1
DA:262,1
DA:264,1
DA:265,1
DA:266,1
DA:268,1
DA:269,1
DA:270,1
DA:273,1
DA:274,1
DA:275,1
DA:276,1
DA:277,1
DA:279,1
DA:280,1
DA:281,1
DA:283,1
DA:284,1
DA:285,1
DA:288,1
DA:289,1
DA:290,1
DA:291,1
DA:292,1
DA:294,1
DA:295,1
DA:296,1
DA:298,1
DA:299,1
DA:300,1
DA:303,1
DA:304,1
DA:305,1
DA:306,1
DA:307,1
DA:309,1
DA:310,1
DA:311,1
DA:313,1
DA:314,1
DA:315,1
DA:318,1
DA:319,1
DA:320,1
DA:321,1
DA:322,1
DA:324,1
DA:325,1
DA:326,1
DA:328,1
DA:329,1
DA:330,1
DA:333,1
DA:334,1
DA:335,1
DA:336,1
DA:337,1
DA:339,1
DA:340,1
DA:341,1
DA:343,1
DA:344,1
DA:345,1
DA:348,1
DA:349,1
DA:350,1
DA:351,1
DA:352,1
DA:354,1
DA:355,1
DA:356,1
DA:358,1
DA:359,1
DA:360,1
DA:363,1
DA:364,1
DA:365,1
DA:366,1
DA:367,1
DA:369,1
DA:370,1
DA:371,1
DA:373,1
DA:374,1
DA:375,1
DA:378,1
DA:379,1
DA:380,1
DA:381,1
DA:382,1
DA:384,1
DA:385,1
DA:386,1
DA:388,1
DA:389,1
DA:390,1
DA:393,1
DA:394,1
DA:395,1
DA:396,1
DA:397,1
DA:399,1
DA:400,1
DA:401,1
DA:403,1
DA:404,1
DA:405,1
DA:408,1
DA:409,1
DA:410,1
DA:411,1
DA:412,1
DA:414,1
DA:415,1
DA:416,1
DA:418,1
DA:419,1
DA:420,1
DA:423,1
DA:424,1
DA:425,1
DA:426,1
DA:427,1
DA:429,1
DA:430,1
DA:431,1
DA:433,1
DA:434,1
DA:435,1
DA:438,1
DA:439,1
DA:440,1
DA:441,1
DA:442,1
DA:444,1
DA:445,1
DA:446,1
DA:448,1
DA:449,1
DA:450,1
DA:453,1
DA:454,1
DA:455,1
DA:456,1
DA:457,1
DA:459,1
DA:460,1
DA:461,1
DA:463,1
DA:464,1
DA:465,1
DA:468,1
DA:469,1
DA:470,1
DA:471,1
DA:472,1
DA:474,1
DA:475,1
DA:476,1
DA:478,1
DA:479,1
DA:480,1
DA:483,1
DA:484,1
DA:485,1
DA:486,1
DA:487,1
DA:489,1
DA:490,1
DA:491,1
DA:494,1
DA:495,1
DA:496,1
DA:497,1
DA:498,1
DA:500,1
DA:501,1
DA:502,1
DA:505,1
DA:506,1
DA:507,1
DA:508,1
DA:509,1
DA:511,1
DA:512,1
DA:513,1
DA:516,1
DA:517,1
DA:518,1
DA:519,1
DA:520,1
DA:522,1
DA:523,1
DA:524,1
DA:526,1
DA:527,1
DA:528,1
DA:530,1
DA:531,1
DA:532,1
DA:534,1
DA:535,1
DA:536,1
DA:539,1
DA:540,1
DA:541,1
DA:542,1
DA:543,1
DA:545,1
DA:546,1
DA:547,1
DA:549,1
DA:550,1
DA:551,1
DA:553,1
DA:554,1
DA:555,1
DA:557,1
DA:558,1
DA:559,1
DA:562,1
DA:563,1
DA:564,1
DA:565,1
DA:566,1
DA:568,1
DA:569,1
DA:570,1
DA:572,1
DA:573,1
DA:574,1
DA:576,1
DA:577,1
DA:578,1
DA:580,1
DA:581,1
DA:582,1
DA:586,1
DA:587,1
DA:588,1
DA:589,1
DA:590,1
DA:591,1
DA:593,1
DA:594,1
DA:595,1
DA:598,1
DA:599,1
DA:600,1
DA:601,1
DA:602,1
DA:604,1
DA:605,1
DA:606,1
DA:609,1
DA:610,1
DA:611,1
DA:612,1
DA:613,1
DA:615,1
DA:616,1
DA:617,1
DA:620,1
DA:621,1
DA:622,1
DA:623,1
DA:624,1
DA:626,1
DA:627,1
DA:628,1
DA:631,1
DA:632,1
DA:633,1
DA:634,1
DA:635,1
DA:637,1
DA:638,1
DA:639,1
DA:642,1
DA:643,1
DA:644,1
DA:645,1
DA:646,1
DA:648,1
DA:649,1
DA:650,1
DA:653,1
DA:654,1
DA:655,1
DA:656,1
DA:657,1
DA:659,1
DA:660,1
DA:661,1
DA:664,1
DA:665,1
DA:666,1
DA:667,1
DA:668,1
DA:670,1
DA:671,1
DA:672,1
DA:674,1
DA:675,1
DA:676,1
DA:679,1
DA:680,1
DA:681,1
DA:682,1
DA:683,1
DA:685,1
DA:686,1
DA:687,1
DA:689,1
DA:690,1
DA:691,1
DA:694,1
DA:695,1
DA:696,1
DA:697,1
DA:698,1
DA:700,1
DA:701,1
DA:702,1
DA:704,1
DA:705,1
DA:706,1
DA:709,1
DA:710,1
DA:711,1
DA:712,1
DA:713,1
DA:715,1
DA:716,1
DA:717,1
DA:719,1
DA:720,1
DA:721,1
DA:724,1
DA:725,1
DA:726,1
DA:727,1
DA:728,1
DA:730,1
DA:731,1
DA:732,1
DA:734,1
DA:735,1
DA:736,1
DA:739,1
DA:740,1
DA:741,1
DA:742,1
DA:743,1
DA:745,1
DA:746,1
DA:747,1
DA:749,1
DA:750,1
DA:751,1
DA:754,1
DA:755,1
DA:756,1
DA:757,1
DA:758,1
DA:760,1
DA:761,1
DA:762,1
DA:764,1
DA:765,1
DA:766,1
DA:769,1
DA:770,1
DA:771,1
DA:772,1
DA:773,1
DA:775,1
DA:776,1
DA:777,1
DA:779,1
DA:780,1
DA:781,1
DA:784,1
DA:785,1
DA:786,1
DA:787,1
DA:788,1
DA:790,1
DA:791,1
DA:792,1
DA:794,1
DA:795,1
DA:796,1
DA:799,1
DA:800,1
DA:801,1
DA:802,1
DA:803,1
DA:805,1
DA:806,1
DA:807,1
DA:809,1
DA:810,1
DA:811,1
DA:814,1
DA:815,1
DA:816,1
DA:817,1
DA:818,1
DA:820,1
DA:821,1
DA:822,1
DA:824,1
DA:825,1
DA:826,1
DA:829,1
DA:830,1
DA:831,1
DA:832,1
DA:833,1
DA:835,1
DA:836,1
DA:837,1
DA:839,1
DA:840,1
DA:841,1
DA:844,1
DA:845,1
DA:846,1
DA:847,1
DA:848,1
DA:850,1
DA:851,1
DA:852,1
DA:854,1
DA:855,1
DA:856,1
DA:859,1
DA:860,1
DA:861,1
DA:862,1
DA:863,1
DA:865,1
DA:866,1
DA:867,1
DA:869,1
DA:870,1
DA:871,1
DA:874,1
DA:875,1
DA:876,1
DA:877,1
DA:878,1
DA:880,1
DA:881,1
DA:882,1
DA:884,1
DA:885,1
DA:886,1
DA:889,1
DA:890,1
DA:891,1
DA:892,1
DA:893,1
DA:895,1
DA:896,1
DA:897,1
DA:899,1
DA:900,1
DA:901,1
DA:904,1
DA:905,1
DA:906,1
DA:907,1
DA:908,1
DA:910,1
DA:911,1
DA:912,1
DA:914,1
DA:915,1
DA:916,1
DA:919,1
DA:920,1
DA:921,1
DA:922,1
DA:923,1
DA:925,1
DA:926,1
DA:927,1
DA:929,1
DA:930,1
DA:931,1
DA:934,1
DA:935,1
DA:936,1
DA:937,1
DA:938,1
DA:940,1
DA:941,1
DA:942,1
DA:944,1
DA:945,1
DA:946,1
DA:949,1
DA:950,1
DA:951,1
DA:952,1
DA:953,1
DA:955,1
DA:956,1
DA:957,1
DA:959,1
DA:960,1
DA:961,1
DA:964,1
DA:965,1
DA:966,1
DA:967,1
DA:968,1
DA:970,1
DA:971,1
DA:972,1
DA:974,1
DA:975,1
DA:976,1
DA:979,1
DA:980,1
DA:981,1
DA:982,1
DA:983,1
DA:985,1
DA:986,1
DA:987,1
DA:989,1
DA:990,1
DA:991,1
DA:994,1
DA:995,1
DA:996,1
DA:997,1
DA:998,1
DA:1000,1
DA:1001,1
DA:1002,1
DA:1004,1
DA:1005,1
DA:1006,1
DA:1009,1
DA:1010,1
DA:1011,1
DA:1012,1
DA:1013,1
DA:1015,1
DA:1016,1
DA:1017,1
DA:1019,1
DA:1020,1
DA:1021,1
DA:1024,1
DA:1025,1
DA:1026,1
DA:1027,1
DA:1028,1
DA:1030,1
DA:1031,1
DA:1032,1
DA:1035,1
DA:1036,1
DA:1037,1
DA:1038,1
DA:1039,1
DA:1041,1
DA:1042,1
DA:1043,1
DA:1046,1
DA:1047,1
DA:1048,1
DA:1049,1
DA:1050,1
DA:1052,1
DA:1053,1
DA:1054,1
DA:1057,1
DA:1058,1
DA:1059,1
DA:1060,1
DA:1061,1
DA:1063,1
DA:1064,1
DA:1065,1
DA:1067,1
DA:1068,1
DA:1069,1
DA:1071,1
DA:1072,1
DA:1073,1
DA:1075,1
DA:1076,1
DA:1077,1
DA:1080,1
DA:1081,1
DA:1082,1
DA:1083,1
DA:1084,1
DA:1086,1
DA:1087,1
DA:1088,1
DA:1090,1
DA:1091,1
DA:1092,1
DA:1094,1
DA:1095,1
DA:1096,1
DA:1098,1
DA:1099,1
DA:1100,1
DA:1103,1
DA:1104,1
DA:1105,1
DA:1106,1
DA:1107,1
DA:1109,1
DA:1110,1
DA:1111,1
DA:1113,1
DA:1114,1
DA:1115,1
DA:1117,1
DA:1118,1
DA:1119,1
DA:1121,1
DA:1122,1
DA:1123,1
DA:1127,1
DA:1128,1
DA:1129,1
DA:1130,1
DA:1131,1
DA:1132,1
LF:831
LH:831
BRF:0
BRH:0
end_of_record
TN:
SF:/Users/scott/repos/sqiggl-js/index.js
FN:3,parse
FNF:1
FNH:1
FNDA:225,parse
DA:1,1
DA:2,1
DA:3,1
DA:4,225
DA:5,225
DA:6,225
DA:7,225
DA:9,1
DA:10,1
DA:11,1
LF:10
LH:10
BRF:0
BRH:0
end_of_record
